Step: build-step-credential-initializer-g8xw9:

{"level":"warn","ts":1565286012.0837042,"logger":"fallback-logger","caller":"logging/config.go:65","msg":"Fetch GitHub commit ID from kodata failed: \"ref: refs/heads/master\" is not a valid GitHub commit ID"}
{"level":"info","ts":1565286012.0867863,"logger":"fallback-logger","caller":"creds-init/main.go:40","msg":"Credentials initialized."}
Step: build-step-working-dir-initializer-7qw2t:

{"level":"warn","ts":1565286012.5982578,"logger":"fallback-logger","caller":"logging/config.go:65","msg":"Fetch GitHub commit ID from kodata failed: open /var/run/ko/HEAD: no such file or directory"}
{"level":"info","ts":1565286012.5997632,"logger":"fallback-logger","caller":"bash/main.go:65","msg":"Successfully executed command \"mkdir -p /workspace/go/src/github.com/jenkins-x/** /workspace/source\""}
Step: build-step-place-tools:

Step: build-step-git-source-jenkins-x-**-pr-4609-lint-2bmt7:

{"level":"warn","ts":1565286014.7045448,"logger":"fallback-logger","caller":"logging/config.go:65","msg":"Fetch GitHub commit ID from kodata failed: \"ref: refs/heads/master\" is not a valid GitHub commit ID"}
{"level":"info","ts":1565286017.6312149,"logger":"fallback-logger","caller":"git/git.go:102","msg":"Successfully cloned https://github.com/jenkins-x/** @ 52a8784bcc0675365dee5bde08421a848de88fbe in path /workspace/source"}
Step: build-step-git-merge:

Warning failed to load version: failed to parse version -dev+9e73adc0b: No Major.Minor.Patch elements found
time="2019-08-08T17:40:18Z" level=info msg="got "
Using SHAs from PULL_REFS=master:46c75b4d9f904a872dcb98cc7794e60777d04c90,4609:52a8784bcc0675365dee5bde08421a848de88fbe
ran git fetch --unshallow origin 52a8784bcc0675365dee5bde08421a848de88fbe: 46c75b4d9f904a872dcb98cc7794e60777d04c90: in 
ran git checkout master in 
ran git reset --hard 46c75b4d9f904a872dcb98cc7794e60777d04c90 in 
ran clean --force -d . in 
ran git merge 52a8784bcc0675365dee5bde08421a848de88fbe in 
Step: build-step-mkdir:

Step: build-step-copy:

Step: build-step-lint:

Running validation scripts...
RUN ./hack/gofmt.sh
[0;32mPASSED[0m ./hack/gofmt.sh
RUN ./hack/linter.sh
Installing GolangCI-Lint
golangci/golangci-lint info checking GitHub for tag 'v1.16.0'
golangci/golangci-lint info found version: 1.16.0 for v1.16.0/linux/amd64
golangci/golangci-lint info installed /workspace/go/bin/golangci-lint
level=info msg="[lintersdb] Active 6 linters: [deadcode errcheck gofmt gosec misspell unconvert]"
level=info msg="[loader] Go packages loading at mode load types and syntax took 4.968570238s"
level=info msg="[loader/astcache] Parsed AST of all pkg.GoFiles: [] for 2.368µs"
level=info msg="[loader/astcache] Parsed AST of all pkg.GoFiles: [] for 327ns"
level=info msg="[loader/astcache] Parsed AST of all pkg.GoFiles: [] for 255ns"
level=info msg="[loader/astcache] Parsed AST of all pkg.GoFiles: [] for 225ns"
level=info msg="[loader/astcache] Parsed AST of all pkg.GoFiles: [] for 244ns"
level=info msg="[loader/astcache] Parsed AST of all pkg.GoFiles: [] for 281ns"
level=info msg="[loader/astcache] Parsed AST of all pkg.GoFiles: [] for 248ns"
level=info msg="[loader/astcache] Parsed AST of all pkg.GoFiles: [] for 375ns"
level=info msg="[loader/astcache] Parsed AST of all pkg.GoFiles: [] for 206ns"
level=info msg="[loader/astcache] Parsed AST of all pkg.GoFiles: [] for 279ns"
level=info msg="[loader/astcache] Parsed AST of all pkg.GoFiles: [] for 394ns"
level=info msg="[loader/astcache] Parsed AST of all pkg.GoFiles: [] for 310ns"
level=info msg="[loader/astcache] Parsed AST of all pkg.GoFiles: [] for 1.373µs"
level=info msg="[loader/astcache] Parsed AST of all pkg.GoFiles: [] for 255ns"
level=info msg="[loader/astcache] Parsed AST of all pkg.GoFiles: [] for 241ns"
level=info msg="[loader/astcache] Parsed AST of all pkg.GoFiles: [] for 255ns"
level=info msg="[loader/astcache] Parsed AST of all pkg.GoFiles: [] for 254ns"
level=info msg="[loader/astcache] Parsed AST of all pkg.GoFiles: [] for 239ns"
level=info msg="[loader/astcache] Parsed AST of all pkg.GoFiles: [] for 254ns"
level=info msg="[loader/astcache] Parsed AST of all pkg.GoFiles: [] for 265ns"
level=info msg="[loader/astcache] Parsed AST of all pkg.GoFiles: [] for 241ns"
level=info msg="[loader/astcache] Parsed AST of all pkg.GoFiles: [] for 257ns"
level=info msg="[loader/astcache] Parsed AST of all pkg.GoFiles: [] for 255ns"
level=info msg="[loader/astcache] Parsed AST of all pkg.GoFiles: [] for 233ns"
level=info msg="[loader/astcache] Parsed AST of all pkg.GoFiles: [] for 260ns"
level=info msg="[loader/astcache] Parsed AST of all pkg.GoFiles: [] for 317ns"
level=info msg="[loader/astcache] Parsed AST of all pkg.GoFiles: [] for 239ns"
level=info msg="[loader/astcache] Parsed AST of all pkg.GoFiles: [] for 219ns"
level=info msg="[loader/astcache] Parsed AST of all pkg.GoFiles: [] for 249ns"
level=info msg="[loader/astcache] Parsed AST of all pkg.GoFiles: [] for 454ns"
level=info msg="[loader/astcache] Parsed AST of all pkg.GoFiles: [] for 449ns"
level=info msg="[loader/astcache] Parsed AST of all pkg.GoFiles: [] for 293ns"
level=info msg="[loader/astcache] Parsed AST of all pkg.GoFiles: [] for 284ns"
level=info msg="[loader/astcache] Parsed AST of all pkg.GoFiles: [] for 226ns"
level=info msg="[loader/astcache] Parsed AST of all pkg.GoFiles: [] for 201ns"
level=info msg="[loader/astcache] Parsed AST of all pkg.GoFiles: [] for 1.551µs"
level=info msg="[loader/astcache] Parsed AST of all pkg.GoFiles: [] for 300ns"
level=info msg="[loader/astcache] Parsed AST of all pkg.GoFiles: [] for 254ns"
level=info msg="[loader/astcache] Parsed AST of all pkg.GoFiles: [] for 213ns"
level=info msg="[loader/astcache] Parsed AST of all pkg.GoFiles: [] for 317ns"
level=info msg="[loader/astcache] Parsed AST of all pkg.GoFiles: [] for 264ns"
level=info msg="[loader/astcache] Parsed AST of all pkg.GoFiles: [] for 232ns"
level=info msg="[loader/astcache] Parsed AST of all pkg.GoFiles: [] for 271ns"
level=info msg="[loader/astcache] Parsed AST of all pkg.GoFiles: [] for 247ns"
level=info msg="[loader/astcache] Parsed AST of all pkg.GoFiles: [] for 502ns"
level=info msg="[loader/astcache] Parsed AST of all pkg.GoFiles: [] for 222ns"
level=info msg="[loader/astcache] Parsed AST of all pkg.GoFiles: [] for 211ns"
level=info msg="[loader/astcache] Parsed AST of all pkg.GoFiles: [] for 291ns"
level=info msg="[loader/astcache] Parsed AST of all pkg.GoFiles: [] for 536ns"
level=info msg="[loader/astcache] Parsed AST of all pkg.GoFiles: [] for 252ns"
level=info msg="[loader/astcache] Parsed AST of all pkg.GoFiles: [] for 404ns"
level=info msg="[loader/astcache] Parsed AST of all pkg.GoFiles: [] for 229ns"
level=info msg="[loader/astcache] Parsed AST of all pkg.GoFiles: [] for 246ns"
level=info msg="[loader/astcache] Parsed AST of all pkg.GoFiles: [] for 234ns"
level=info msg="[loader/astcache] Parsed AST of all pkg.GoFiles: [] for 262ns"
level=info msg="[loader/astcache] Parsed AST of all pkg.GoFiles: [] for 305ns"
level=info msg="[loader/astcache] Parsed AST of all pkg.GoFiles: [] for 528ns"
level=info msg="[loader/astcache] Parsed AST of all pkg.GoFiles: [] for 364ns"
level=info msg="[loader/astcache] Parsed AST of all pkg.GoFiles: [] for 204ns"
level=info msg="[loader/astcache] Parsed AST of all pkg.GoFiles: [] for 246ns"
level=info msg="[loader/astcache] Parsed AST of all pkg.GoFiles: [] for 262ns"
level=info msg="[loader/astcache] Parsed AST of all pkg.GoFiles: [] for 226ns"
level=info msg="[loader/astcache] Parsed AST of all pkg.GoFiles: [] for 214ns"
level=info msg="[loader/astcache] Parsed AST of all pkg.GoFiles: [] for 529ns"
level=info msg="[loader/astcache] Parsed AST of all pkg.GoFiles: [] for 241ns"
level=info msg="[loader/astcache] Parsed AST of all pkg.GoFiles: [] for 354ns"
level=info msg="[loader/astcache] Parsed AST of all pkg.GoFiles: [] for 790ns"
level=info msg="[loader/astcache] Parsed AST of all pkg.GoFiles: [] for 497ns"
level=info msg="[loader/astcache] Parsed AST of all pkg.GoFiles: [] for 253ns"
level=info msg="[loader/astcache] Parsed AST of all pkg.GoFiles: [] for 568ns"
level=info msg="[loader/astcache] Parsed AST of all pkg.GoFiles: [] for 248ns"
level=info msg="[loader/astcache] Parsed AST of all pkg.GoFiles: [] for 223ns"
level=info msg="[loader/astcache] Parsed AST of all pkg.GoFiles: [] for 242ns"
level=info msg="[loader/astcache] Parsed AST of all pkg.GoFiles: [] for 725ns"
level=info msg="[loader/astcache] Parsed AST of all pkg.GoFiles: [] for 285ns"
level=info msg="[loader/astcache] Parsed AST of all pkg.GoFiles: [] for 261ns"
level=info msg="[loader/astcache] Parsed AST of all pkg.GoFiles: [] for 456ns"
level=info msg="[loader/astcache] Parsed AST of all pkg.GoFiles: [] for 268ns"
level=info msg="[loader/astcache] Parsed AST of all pkg.GoFiles: [] for 528ns"
level=info msg="[loader/astcache] Parsed AST of all pkg.GoFiles: [] for 546ns"
level=info msg="[loader/astcache] Parsed AST of all pkg.GoFiles: [] for 325ns"
level=info msg="[loader/astcache] Parsed AST of all pkg.GoFiles: [] for 212ns"
level=info msg="[loader/astcache] Parsed AST of all pkg.GoFiles: [] for 254ns"
level=info msg="[loader] Packages that do not compile: [github.com/jenkins-x/**/cmd/codegen/util github.com/jenkins-x/**/cmd/codegen/generator github.com/jenkins-x/**/cmd/codegen/app github.com/jenkins-x/**/cmd/codegen github.com/jenkins-x/**/pkg/log github.com/jenkins-x/**/pkg/util github.com/jenkins-x/**/pkg/apis/jenkins.io/v1 github.com/jenkins-x/**/pkg/client/clientset/versioned/scheme github.com/jenkins-x/**/pkg/util/json github.com/jenkins-x/**/pkg/client/clientset/versioned/typed/jenkins.io/v1 github.com/jenkins-x/**/pkg/client/clientset/versioned github.com/jenkins-x/**/pkg/version github.com/jenkins-x/**/pkg/tekton/syntax github.com/jenkins-x/**/pkg/jenkinsfile github.com/jenkins-x/**/pkg/config github.com/jenkins-x/**/pkg/secreturl github.com/jenkins-x/**/pkg/vault github.com/jenkins-x/**/pkg/auth github.com/jenkins-x/**/pkg/gits github.com/jenkins-x/**/pkg/client/openapi/core github.com/jenkins-x/**/pkg/client/openapi/k8s_io_api_batch_v1 github.com/jenkins-x/**/pkg/client/openapi/k8s_io_api_core_v1 github.com/jenkins-x/**/pkg/client/openapi/k8s_io_api_rbac_v1 github.com/jenkins-x/**/pkg/client/openapi/k8s_io_apimachinery_intstr_unversioned github.com/jenkins-x/**/pkg/client/openapi/k8s_io_apimachinery_meta_v1 github.com/jenkins-x/**/pkg/client/openapi/k8s_io_apimachinery_resource_unversioned github.com/jenkins-x/**/pkg/client/openapi/all github.com/jenkins-x/**/pkg/kserving github.com/jenkins-x/**/pkg/kube github.com/jenkins-x/**/pkg/table github.com/jenkins-x/**/pkg/helm github.com/jenkins-x/**/pkg/environments github.com/jenkins-x/**/pkg/util/secrets github.com/jenkins-x/**/pkg/surveyutils github.com/jenkins-x/**/pkg/apps github.com/jenkins-x/**/pkg/cmd/helper github.com/jenkins-x/**/pkg/builds github.com/jenkins-x/**/pkg/chats github.com/jenkins-x/**/pkg/client/clientset/versioned/typed/jenkins.io/v1/fake github.com/jenkins-x/**/pkg/client/clientset/versioned/fake github.com/jenkins-x/**/pkg/cloud/amazon github.com/jenkins-x/**/pkg/cloud/buckets github.com/jenkins-x/**/pkg/cloud/gke github.com/jenkins-x/**/pkg/cloud/gke/externaldns github.com/jenkins-x/**/pkg/cloud/iks github.com/jenkins-x/**/pkg/io/secrets github.com/jenkins-x/**/pkg/jenkins github.com/jenkins-x/**/pkg/kube/services github.com/jenkins-x/**/pkg/kube/cluster github.com/jenkins-x/**/pkg/kube/serviceaccount github.com/jenkins-x/**/pkg/kube/vault github.com/jenkins-x/**/pkg/cmd/clients github.com/jenkins-x/**/pkg/cmd/templates github.com/jenkins-x/**/pkg/dependencymatrix github.com/jenkins-x/**/pkg/draft github.com/jenkins-x/**/pkg/kube/pki github.com/jenkins-x/**/pkg/expose github.com/jenkins-x/**/pkg/extensions github.com/jenkins-x/**/pkg/gits/features github.com/jenkins-x/**/pkg/gits/releases github.com/jenkins-x/**/pkg/issues github.com/jenkins-x/**/pkg/jenkinsfile/gitresolver github.com/jenkins-x/**/pkg/kube/resources github.com/jenkins-x/**/pkg/maven github.com/jenkins-x/**/pkg/packages github.com/jenkins-x/**/pkg/prow/config github.com/jenkins-x/**/pkg/prow github.com/jenkins-x/**/pkg/pipelinescheduler github.com/jenkins-x/**/pkg/secreturl/localvault github.com/jenkins-x/**/pkg/users github.com/jenkins-x/**/pkg/cmd/opts github.com/jenkins-x/**/pkg/cmd/add github.com/jenkins-x/**/pkg/cmd/bdd github.com/jenkins-x/**/pkg/cmd/namespace github.com/jenkins-x/**/pkg/brew github.com/jenkins-x/**/pkg/docker github.com/jenkins-x/**/pkg/gits/operations github.com/jenkins-x/**/pkg/cmd/step/create/pr github.com/jenkins-x/**/pkg/cmd/step/git github.com/jenkins-x/**/pkg/cmd/step/syntax github.com/jenkins-x/**/pkg/tekton github.com/jenkins-x/**/pkg/tekton/metapipeline github.com/jenkins-x/**/pkg/tenant github.com/jenkins-x/**/pkg/cmd/step/create github.com/jenkins-x/**/pkg/cmd/boot github.com/jenkins-x/**/pkg/addon github.com/jenkins-x/**/pkg/cloud/aks github.com/jenkins-x/**/pkg/cloud/amazon/vault github.com/jenkins-x/**/pkg/cloud/gke/storage github.com/jenkins-x/**/pkg/cloud/gke/vault github.com/jenkins-x/**/pkg/cloud/oke github.com/jenkins-x/**/pkg/buildnum github.com/jenkins-x/**/pkg/cmd/promote github.com/jenkins-x/**/pkg/io github.com/jenkins-x/**
/pkg/secreturl/fakevault github.com/jenkins-x/**/pkg/cmd/step/helm github.com/jenkins-x/**/pkg/cmd/step/post github.com/jenkins-x/**/pkg/collector github.com/jenkins-x/**/pkg/reports github.com/jenkins-x/**/pkg/semrel github.com/jenkins-x/**/pkg/cmd/step github.com/jenkins-x/**/pkg/cmd/edit github.com/jenkins-x/**/pkg/cmd/initcmd github.com/jenkins-x/**/pkg/cmd/start github.com/jenkins-x/**/pkg/cmd/importcmd github.com/jenkins-x/**/pkg/cmd/update github.com/jenkins-x/**/pkg/cmd/opts/upgrade github.com/jenkins-x/**/pkg/cmd/rsh github.com/jenkins-x/**/pkg/cmd/step/env github.com/jenkins-x/**/pkg/cmd/sync github.com/jenkins-x/**/pkg/features github.com/jenkins-x/**/pkg/nodes github.com/jenkins-x/**/pkg/quickstarts github.com/jenkins-x/**/pkg/spring github.com/jenkins-x/**/pkg/terraform github.com/jenkins-x/**/pkg/cmd/create github.com/jenkins-x/**/pkg/cmd/cloudbees github.com/jenkins-x/**/pkg/cmd/compliance github.com/jenkins-x/**/pkg/cmd/config github.com/jenkins-x/**/pkg/workflow github.com/jenkins-x/**/pkg/cmd/controller github.com/jenkins-x/**/pkg/cve github.com/jenkins-x/**/pkg/flagger github.com/jenkins-x/**/pkg/logs github.com/jenkins-x/**/pkg/cmd/get github.com/jenkins-x/**/pkg/cmd/step/pr github.com/jenkins-x/**/pkg/cmd/preview github.com/jenkins-x/**/pkg/cmd/uninstall github.com/jenkins-x/**/pkg/cmd/deletecmd github.com/jenkins-x/**/pkg/cmd/gc github.com/jenkins-x/**/pkg/cmd/profile github.com/jenkins-x/**/pkg/cmd/step/boot github.com/jenkins-x/**/pkg/cmd/step/buildpack github.com/jenkins-x/**/pkg/cmd/step/e2e github.com/jenkins-x/**/pkg/cmd/step/expose github.com/jenkins-x/**/pkg/cmd/step/get github.com/jenkins-x/**/pkg/cmd/step/nexus github.com/jenkins-x/**/pkg/cmd/step/pre github.com/jenkins-x/**/pkg/reportingtools github.com/jenkins-x/**/pkg/cmd/step/report github.com/jenkins-x/**/pkg/cmd/step/scheduler github.com/jenkins-x/**/pkg/cmd/step/update/release github.com/jenkins-x/**/pkg/cmd/step/update github.com/jenkins-x/**/pkg/cloud/factory github.com/jenkins-x/**/pkg/cmd/step/verify github.com/jenkins-x/**/pkg/cmd/stop github.com/jenkins-x/**/pkg/cmd/upgrade github.com/jenkins-x/**/pkg/cmd github.com/jenkins-x/**/cmd/**/app github.com/jenkins-x/**/cmd/** github.com/jenkins-x/**/pkg/auth/mocks github.com/jenkins-x/**/pkg/buildnum/mocks github.com/jenkins-x/**/pkg/buildnum/mocks/matchers github.com/jenkins-x/**/pkg/client/informers/externalversions/internalinterfaces github.com/jenkins-x/**/pkg/client/listers/jenkins.io/v1 github.com/jenkins-x/**/pkg/client/informers/externalversions/jenkins.io/v1 github.com/jenkins-x/**/pkg/client/informers/externalversions/jenkins.io github.com/jenkins-x/**/pkg/client/informers/externalversions github.com/jenkins-x/**/pkg/client/openapi github.com/jenkins-x/**/pkg/cloud/gke/mocks github.com/jenkins-x/**/pkg/cmd/clients/fake github.com/jenkins-x/**/pkg/cmd/clients/mocks github.com/jenkins-x/**/pkg/helm/mocks github.com/jenkins-x/**/pkg/kube/resources/mocks github.com/jenkins-x/**/pkg/vault/mocks github.com/jenkins-x/**/pkg/cmd/testhelpers github.com/jenkins-x/**/pkg/gits/mocks github.com/jenkins-x/**/pkg/gits/mocks/matchers github.com/jenkins-x/**/pkg/gits/testhelpers github.com/jenkins-x/**/pkg/jenkins/fake github.com/jenkins-x/**/pkg/kube/mocks github.com/jenkins-x/**/pkg/kube/mocks/matchers github.com/jenkins-x/**/pkg/pipeline_events github.com/jenkins-x/**/pkg/pipelinescheduler/testhelpers github.com/jenkins-x/**/pkg/reportingtools/mocks github.com/jenkins-x/**/pkg/secreturl/mocks github.com/jenkins-x/**/pkg/tekton/syntax/syntax_helpers_test github.com/jenkins-x/**/pkg/tests github.com/jenkins-x/**/pkg/tekton/tekton_helpers_test github.com/jenkins-x/**/pkg/testkube github.com/jenkins-x/**/pkg/util/mocks github.com/jenkins-x/**/pkg/vault/fake github.com/jenkins-x/**/pkg/vault/mocks/matchers github.com/jenkins-x/**/cmd/codegen/util.test github.com/jenkins-x/**/pkg/auth.test github.com/jenkins-x/**/pkg/brew.test github.com/jenkins-x/**/pkg/buildnum.test github.com/jenkins-x/**/pkg/builds.test github.com/jenkins-x/**/pkg/client/clientset/versioned/typed/jenkins.io/v1.test github
.com/jenkins-x/**/pkg/cloud/aks.test github.com/jenkins-x/**/pkg/cloud/amazon.test github.com/jenkins-x/**/pkg/cloud/buckets.test github.com/jenkins-x/**/pkg/cloud/gke.test github.com/jenkins-x/**/pkg/cloud/gke/storage.test github.com/jenkins-x/**/pkg/cmd.test github.com/jenkins-x/**/pkg/cmd/boot.test github.com/jenkins-x/**/pkg/cmd/clients/fake.test github.com/jenkins-x/**/pkg/cmd/config.test github.com/jenkins-x/**/pkg/cmd/controller.test github.com/jenkins-x/**/pkg/cmd/create.test github.com/jenkins-x/**/pkg/cmd/deletecmd.test github.com/jenkins-x/**/pkg/cmd/gc.test github.com/jenkins-x/**/pkg/cmd/get.test github.com/jenkins-x/**/pkg/cmd/importcmd.test github.com/jenkins-x/**/pkg/cmd/namespace.test github.com/jenkins-x/**/pkg/cmd/opts.test github.com/jenkins-x/**/pkg/cmd/preview.test github.com/jenkins-x/**/pkg/cmd/promote.test github.com/jenkins-x/**/pkg/cmd/start.test github.com/jenkins-x/**/pkg/cmd/step.test github.com/jenkins-x/**/pkg/cmd/step/buildpack.test github.com/jenkins-x/**/pkg/cmd/step/create.test github.com/jenkins-x/**/pkg/cmd/step/e2e.test github.com/jenkins-x/**/pkg/cmd/step/expose.test github.com/jenkins-x/**/pkg/cmd/step/get.test github.com/jenkins-x/**/pkg/cmd/step/git.test github.com/jenkins-x/**/pkg/cmd/step/helm.test github.com/jenkins-x/**/pkg/cmd/step/report.test github.com/jenkins-x/**/pkg/cmd/step/scheduler.test github.com/jenkins-x/**/pkg/cmd/step/syntax.test github.com/jenkins-x/**/pkg/cmd/step/verify.test github.com/jenkins-x/**/pkg/cmd/uninstall.test github.com/jenkins-x/**/pkg/cmd/update.test github.com/jenkins-x/**/pkg/cmd/upgrade.test github.com/jenkins-x/**/pkg/config.test github.com/jenkins-x/**/pkg/cve.test github.com/jenkins-x/**/pkg/dependencymatrix.test github.com/jenkins-x/**/pkg/docker.test github.com/jenkins-x/**/pkg/extensions.test github.com/jenkins-x/**/pkg/features.test github.com/jenkins-x/**/pkg/gits.test github.com/jenkins-x/**/pkg/gits/features.test github.com/jenkins-x/**/pkg/gits/operations.test github.com/jenkins-x/**/pkg/helm.test github.com/jenkins-x/**/pkg/io.test github.com/jenkins-x/**/pkg/io/secrets.test github.com/jenkins-x/**/pkg/jenkins.test github.com/jenkins-x/**/pkg/jenkinsfile.test github.com/jenkins-x/**/pkg/jenkinsfile/gitresolver.test github.com/jenkins-x/**/pkg/kube.test github.com/jenkins-x/**/pkg/kube/cluster.test github.com/jenkins-x/**/pkg/kube/naming.test github.com/jenkins-x/**/pkg/kube/pki.test github.com/jenkins-x/**/pkg/kube/services.test github.com/jenkins-x/**/pkg/kube/vault.test github.com/jenkins-x/**/pkg/log.test github.com/jenkins-x/**/pkg/logs.test github.com/jenkins-x/**/pkg/packages.test github.com/jenkins-x/**/pkg/pipelinescheduler.test github.com/jenkins-x/**/pkg/prow.test github.com/jenkins-x/**/pkg/prow/config.test github.com/jenkins-x/**/pkg/quickstarts.test github.com/jenkins-x/**/pkg/reports.test github.com/jenkins-x/**/pkg/surveyutils.test github.com/jenkins-x/**/pkg/tekton.test github.com/jenkins-x/**/pkg/tekton/metapipeline.test github.com/jenkins-x/**/pkg/tekton/syntax.test github.com/jenkins-x/**/pkg/tenant.test github.com/jenkins-x/**/pkg/terraform.test github.com/jenkins-x/**/pkg/tests.test github.com/jenkins-x/**/pkg/users.test github.com/jenkins-x/**/pkg/util.test github.com/jenkins-x/**/pkg/util/json.test github.com/jenkins-x/**/pkg/util/system.test github.com/jenkins-x/**/pkg/vault.test github.com/jenkins-x/**/pkg/version.test]"
level=info msg="[runner] worker.6 took 834.159µs with stages: errcheck: 518.557µs, deadcode: 310.149µs"
level=info msg="[runner] worker.7 took 3.180649ms with stages: gosec: 2.032145ms, unconvert: 1.106515ms"
level=info msg="[runner] worker.3 took 1.511µs"
level=info msg="[runner] worker.8 took 1.285µs"
level=info msg="[runner] worker.1 took 1.383µs"
level=info msg="[runner] worker.4 took 1.715µs"
level=info msg="[runner] worker.2 took 657.494303ms with stages: misspell: 657.472901ms"
level=info msg="[runner] worker.5 took 2.611957031s with stages: gofmt: 2.611929851s"
level=info msg="[runner] Workers idle times: #1: 2.605755573s, #2: 1.954501935s, #3: 2.605943442s, #4: 2.605660121s, #6: 2.606163161s, #7: 2.606063087s, #8: 2.605848052s"
level=info msg="[runner] Issues before processing: 5, after processing: 0"
level=info msg="[runner] processing took 740.047µs with stages: autogenerated_exclude: 193.563µs, skip_dirs: 139.407µs, exclude: 136.31µs, identifier_marker: 133.695µs, cgo: 73.012µs, path_prettifier: 52.497µs, max_same_issues: 2.763µs, nolint: 1.219µs, diff: 1.128µs, source_code: 1.002µs, skip_files: 999ns, max_per_file_from_linter: 936ns, replacement_builder: 817ns, max_from_linter: 763ns, path_shortener: 707ns, exclude-rules: 626ns, uniq_by_line: 603ns"
level=info msg="File cache stats: 0 entries of total size 0B"
level=info msg="Memory: 79 samples, avg is 186.7MB, max is 406.5MB"
level=info msg="Execution took 7.7220832s"
[0;32mPASSED[0m ./hack/linter.sh
RUN make verify-generation-complete
# Making sure repo has no outstanding changes
git stash
No local changes to save
CGO_ENABLED=0 GO111MODULE=on go build  -o build/codegen cmd/codegen/codegen.go
go: finding github.com/blang/semver v3.5.1+incompatible
go: finding github.com/fatih/structs v1.1.0
go: finding github.com/hashicorp/hcl v1.0.0
go: finding github.com/jbenet/go-context v0.0.0-20150711004518-d14ea06fba99
go: finding github.com/Netflix/go-expect v0.0.0-20180814212900-124a37274874
go: finding github.com/alecthomas/jsonschema v0.0.0-20190504002508-159cbd5dba26
go: finding github.com/Pallinder/go-randomdata v0.0.0-20180616180521-15df0648130a
go: finding github.com/google/go-cmp v0.3.0
go: finding gopkg.in/src-d/go-git.v4 v4.5.0
go: finding github.com/Masterminds/semver v1.4.2
go: finding github.com/golang/protobuf v1.2.0
go: finding github.com/tektoncd/pipeline v0.5.1
go: finding github.com/ghodss/yaml v1.0.0
go: finding sigs.k8s.io/yaml v1.1.0
go: finding github.com/magiconair/properties v1.8.0
go: finding github.com/mholt/archiver v3.1.1+incompatible
go: finding github.com/rodaine/hclencoder v0.0.0-20180926060551-0680c4321930
go: finding github.com/lusis/slack-test v0.0.0-20180109053238-3c758769bfa6
go: finding github.com/banzaicloud/bank-vaults v0.0.0-20190508130850-5673d28c46bd
go: finding github.com/pkg/errors v0.8.0
go: finding github.com/google/go-containerregistry v0.0.0-20190317040536-ebbba8469d06
go: finding golang.org/x/sys v0.0.0-20190616124812-15dcb6c0061f
go: finding github.com/stretchr/testify v1.3.0
go: finding github.com/xanzy/go-gitlab v0.0.0-20180814191223-f3bc634ab936
go: finding github.com/docker/go-connections v0.4.0
go: finding github.com/hashicorp/go-sockaddr v1.0.2
go: finding k8s.io/api v0.0.0-20181128191700-6db15a15d2d3
go: finding github.com/StackExchange/wmi v0.0.0-20180116203802-5d049714c4a6
go: finding github.com/MakeNowJust/heredoc v0.0.0-20171113091838-e9091a26100e
go: finding github.com/ryanuber/go-glob v0.0.0-20170128012129-256dc444b735
go: finding github.com/dsnet/compress v0.0.0-20171208185109-cc9eb1d7ad76
go: finding gopkg.in/gemnasium/logrus-airbrake-hook.v2 v2.1.2
go: finding github.com/spf13/cast v1.2.0
go: finding github.com/hashicorp/go-sockaddr v1.0.0
go: finding github.com/ugorji/go v1.1.1
go: finding github.com/gliderlabs/ssh v0.1.1
go: finding github.com/fsnotify/fsnotify v1.4.7
go: finding github.com/pborman/uuid v1.2.0
go: finding github.com/jinzhu/now v0.0.0-20180511015916-ed742868f2ae
go: finding gopkg.in/airbrake/gobrake.v2 v2.0.9
go: finding github.com/hashicorp/go-rootcerts v1.0.0
go: finding github.com/ulikunitz/xz v0.5.6
go: finding github.com/golang/groupcache v0.0.0-20181024230925-c65c006176ff
go: finding github.com/go-sql-driver/mysql v1.4.1
go: finding github.com/coreos/go-systemd v0.0.0-20190212144455-93d5ec2c7f76
go: finding github.com/gfleury/go-bitbucket-v1 v0.0.0-20190216152406-3a732135aa4d
go: finding github.com/slok/kubewebhook v0.2.0
go: finding gopkg.in/go-playground/validator.v8 v8.18.2
go: finding github.com/petergtz/pegomock v2.2.0+incompatible
go: finding github.com/pelletier/go-buffruneio v0.2.0
go: finding github.com/Azure/go-autorest v10.15.5+incompatible
go: finding github.com/jbrukh/bayesian v0.0.0-20161210175230-bf3f261f9a9c
go: finding github.com/spf13/cobra v0.0.2
go: finding github.com/evanphx/json-patch v4.1.0+incompatible
go: finding github.com/prometheus/procfs v0.0.0-20180920065004-418d78d0b9a7
go: finding github.com/fatih/color v1.7.0
go: finding github.com/flynn/go-shlex v0.0.0-20150515145356-3f9db97f8568
go: finding golang.org/x/sync v0.0.0-20190423024810-112230192c58
go: finding github.com/knative/build v0.5.0
go: finding github.com/xeipuuv/gojsonreference v0.0.0-20180127040603-bd5ef7bd5415
go: finding github.com/davecgh/go-spew v1.1.0
go: finding github.com/src-d/gcfg v1.3.0
go: finding github.com/markbates/inflect v1.0.4
go: finding k8s.io/apiextensions-apiserver v0.0.0-20181128195303-1f84094d7e8e
go: finding github.com/chromedp/cdproto v0.0.0-20180720050708-57cf4773008d
go: finding github.com/lusis/go-slackbot v0.0.0-20180109053408-401027ccfef5
go: finding github.com/sethvargo/go-password v0.1.2
go: finding github.com/imdario/mergo v0.3.4
go: finding github.com/coreos/pkg v0.0.0-20180928190104-399ea9e2e55f
go: finding github.com/jmespath/go-jmespath v0.0.0-20180206201540-c2b33e8439af
go: finding github.com/Masterminds/sprig v2.15.0+incompatible
go: finding github.com/hashicorp/vault v1.1.2
go: finding github.com/golang/snappy v0.0.0-20180518054509-2e65f85255db
go: finding github.com/googleapis/gnostic v0.1.0
go: finding github.com/google/martian v2.1.0+incompatible
go: finding github.com/xeipuuv/gojsonschema v1.1.0
go: finding github.com/coreos/bbolt v1.3.2
go: finding github.com/go-openapi/jsonreference v0.19.2
go: finding github.com/coreos/etcd v3.2.13+incompatible
go: finding github.com/sergi/go-diff v1.0.0
go: finding github.com/microcosm-cc/bluemonday v0.0.0-20180327211928-995366fdf961
go: finding github.com/xanzy/ssh-agent v0.2.0
go: finding golang.org/x/xerrors v0.0.0-20190513163551-3ee3066db522
go: finding golang.org/x/sync v0.0.0-20181221193216-37e7f081c4d4
go: finding go.uber.org/multierr v1.1.0
go: finding github.com/stretchr/ob** v0.1.0
go: finding github.com/konsorten/go-windows-terminal-sequences v1.0.2
go: finding sigs.k8s.io/testing_frameworks v0.1.1
go: finding k8s.io/klog v0.2.0
go: finding github.com/jtnord/logrus v1.4.2-0.20190423161236-606ffcaf8f5d
go: finding github.com/google/uuid v1.0.0
go: finding github.com/aokoli/goutils v1.0.1
go: finding github.com/json-iterator/go v1.1.5
go: finding github.com/golang/glog v0.0.0-20160126235308-23def4e6c14b
go: finding github.com/cenkalti/backoff v2.1.1+incompatible
go: finding github.com/shirou/gopsutil v0.0.0-20180901134234-eb1f1ab16f2e
go: finding github.com/jinzhu/gorm v1.9.1
go: finding github.com/go-openapi/spec v0.19.0
go: finding github.com/beevik/etree v1.0.1
go: finding github.com/acarl005/stripansi v0.0.0-20180116102854-5a71ef0e047d
go: finding github.com/wbrefvem/go-bitbucket v0.0.0-20190128183802-fc08fd046abb
go: finding github.com/google/gofuzz v0.0.0-20170612174753-24818f796faf
go: finding github.com/codahale/hdrhistogram v0.0.0-20161010025455-3a0bb77429bd
go: finding gopkg.in/ini.v1 v1.42.0
go: finding github.com/kr/pretty v0.1.0
go: finding github.com/IBM-Cloud/bluemix-go v0.0.0-20181008063305-d718d474c7c2
go: finding contrib.go.opencensus.io/exporter/ocagent v0.2.0
go: finding github.com/russross/blackfriday v1.5.1
go: finding github.com/pmezard/go-difflib v1.0.0
go: finding github.com/opentracing/opentracing-go v1.0.2
go: finding github.com/gobuffalo/envy v1.6.5
go: finding github.com/uber-go/atomic v1.3.2
go: finding github.com/hashicorp/go-cleanhttp v0.5.1
go: finding github.com/hashicorp/golang-lru v0.5.0
go: finding github.com/xiang90/probing v0.0.0-20190116061207-43a291ad63a2
go: finding github.com/dgrijalva/jwt-go v3.2.0+incompatible
go: finding sigs.k8s.io/controller-runtime v0.1.9
go: finding gopkg.in/inf.v0 v0.9.1
go: finding github.com/alexflint/go-filemutex v0.0.0-20171028004239-d358565f3c3f
go: finding github.com/go-openapi/jsonpointer v0.17.0
go: finding github.com/jetstack/cert-manager v0.5.2
go: finding go.opencensus.io v0.17.0
go: finding github.com/BurntSushi/toml v0.3.1
go: finding github.com/uber/jaeger-lib v1.5.0
go: finding github.com/coreos/etcd-operator v0.9.3
go: finding github.com/go-ini/ini v1.34.0
go: finding github.com/cockroachdb/cmux v0.0.0-20170110192607-30d10be49292
go: finding go.uber.org/atomic v1.3.2
go: finding github.com/pierrec/lz4 v0.0.0-20181005164709-635575b42742
go: finding github.com/aliyun/aliyun-oss-go-sdk v0.0.0-20171213061034-52de7239022c
go: finding github.com/danwakefield/fnmatch v0.0.0-20160403171240-cbb64ac3d964
go: finding github.com/inconshreveable/mousetrap v1.0.0
go: finding github.com/mitchellh/go-homedir v1.0.0
go: finding github.com/spf13/cobra v0.0.3
go: finding github.com/aws/aws-sdk-go v1.15.31
go: finding github.com/go-logr/logr v0.1.0
go: finding github.com/prometheus/procfs v0.0.0-20180725123919-05ee40e3a273
go: finding gocloud.dev v0.9.0
go: finding k8s.io/apimachinery v0.0.0-20190122181752-bebe27e40fb7
go: finding github.com/pierrec/lz4 v2.0.5+incompatible
go: finding github.com/go-logr/zapr v0.1.0
go: finding github.com/aws/aws-sdk-go v1.17.10
go: finding github.com/emirpasic/gods v1.9.0
go: finding github.com/mitchellh/mapstructure v1.1.2
go: finding github.com/mitchellh/cli v1.0.0
go: finding golang.org/x/oauth2 v0.0.0-20190604053449-0f29369cfe45
go: finding github.com/prometheus/client_golang v0.9.0
go: finding github.com/go-openapi/spec v0.19.2
go: finding github.com/ugorji/go/codec v0.0.0-20181012064053-8333dd449516
go: finding gopkg.in/src-d/go-billy.v4 v4.2.0
go: finding github.com/spf13/viper v1.2.1
go: finding github.com/jenkins-x/sonobuoy v0.11.7-0.20190318120422-253758214767
go: finding gopkg.in/check.v1 v1.0.0-20180628173108-788fd7840127
go: finding k8s.io/test-infra v0.0.0-20190131093439-a22cef183a8f
go: finding github.com/google/wire v0.2.0
go: finding github.com/prometheus/client_model v0.0.0-20180712105110-5c3871d89910
go: finding k8s.io/code-generator v0.0.0-20190416052311-01a054e913a9
go: finding k8s.io/metrics v0.0.0-20181128195641-3954d62a524d
go: finding google.golang.org/api v0.1.0
go: finding github.com/go-sql-driver/mysql v1.4.0
go: finding github.com/ryanuber/go-glob v0.0.0-20160226084822-572520ed46db
go: finding github.com/golang/snappy v0.0.0-20170215233205-553a64147049
go: finding github.com/Azure/azure-sdk-for-go v21.1.0+incompatible
go: finding github.com/jenkins-x/draft-repo v0.0.0-20180417100212-2f66cc518135
go: finding google.golang.org/genproto v0.0.0-20190219182410-082222b4a5c5
go: finding github.com/armon/go-radix v0.0.0-20180808171621-7fddfc383310
go: finding github.com/spf13/jwalterweatherman v1.0.0
go: finding github.com/aliyun/alibaba-cloud-sdk-go v0.0.0-20190308093441-53f19b3c6bee
go: finding contrib.go.opencensus.io/exporter/stackdriver v0.6.0
go: finding golang.org/x/oauth2 v0.0.0-20180821212333-d2e6202438be
go: finding golang.org/x/sys v0.0.0-20181004145325-8469e314837c
go: finding github.com/google/go-querystring v1.0.0
go: finding github.com/GoogleCloudPlatform/cloudsql-proxy v0.0.0-20181009230506-ac834ce67862
go: finding github.com/Azure/azure-storage-blob-go v0.0.0-20180507052152-66ba96e49ebb
go: finding github.com/mitchellh/mapstructure v0.0.0-20180511142126-bb74f1db0675
go: finding github.com/hashicorp/errwrap v1.0.0
go: finding golang.org/x/sys v0.0.0-20180909124046-d0be0721c37e
go: finding k8s.io/kubernetes v1.11.3
go: finding github.com/gin-gonic/gin v0.0.0-20180512030042-bf7803815b0b
go: finding github.com/fsouza/fake-gcs-server v0.0.0-20180612165233-e85be23bdaa8
go: finding github.com/huandu/xstrings v1.0.0
go: finding github.com/golang/lint v0.0.0-20180702182130-06c8688daad7
go: finding github.com/gorilla/sessions v1.1.3
go: finding github.com/deckarep/golang-set v0.0.0-20171013212420-1d4478f51bed
go: finding github.com/spf13/pflag v1.0.2
go: finding github.com/spf13/pflag v1.0.3
go: finding github.com/spf13/afero v1.1.2
go: finding github.com/Azure/azure-pipeline-go v0.1.8
go: finding github.com/erikstmartin/go-testdb v0.0.0-20160219214506-8d10e4a1bae5
go: finding gonum.org/v1/gonum v0.0.0-20190331200053-3d26580ed485
go: finding golang.org/x/sys v0.0.0-20181011152604-fa43e7bc11ba
go: finding gopkg.in/AlecAivazis/survey.v1 v1.8.3
go: finding github.com/docker/go-units v0.3.2
go: finding google.golang.org/appengine v1.3.0
go: finding github.com/tmc/grpc-websocket-proxy v0.0.0-20171017195756-830351dc03c6
go: finding github.com/gogo/protobuf v1.0.0
go: finding github.com/kr/text v0.1.0
go: finding github.com/xeipuuv/gojsonpointer v0.0.0-20180127040702-4e3ac2762d5f
go: finding github.com/mattbaird/jsonpatch v0.0.0-20171005235357-81af80346b1a
go: finding github.com/xlab/handysort v0.0.0-20150421192137-fb3537ed64a1
go: finding github.com/go-openapi/jsonreference v0.17.0
go: finding github.com/kevinburke/ssh_config v0.0.0-20180317175531-9fc7bb800b55
go: finding github.com/opencontainers/go-digest v1.0.0-rc1
go: finding github.com/iancoleman/orderedmap v0.0.0-20181121102841-22c6ecc9fe13
go: finding github.com/googleapis/gnostic v0.2.0
go: finding github.com/smartystreets/goconvey v0.0.0-20190306220146-200a235640ff
go: finding k8s.io/kube-openapi v0.0.0-20180711000925-0cf8f7e6ed1d
go: finding github.com/prometheus/client_golang v0.8.0
go: finding github.com/denisenkom/go-mssqldb v0.0.0-20190204142019-df6d76eb9289
go: finding k8s.io/kube-openapi v0.0.0-20190228160746-b3a7cee44a30
go: finding golang.org/x/tools v0.0.0-20181017214349-06f26fdaaa28
go: finding github.com/shurcooL/githubv4 v0.0.0-20180925043049-51d7b505e2e9
go: finding github.com/coreos/etcd v3.3.10+incompatible
go: finding github.com/coreos/go-semver v0.2.0
go: finding contrib.go.opencensus.io/exporter/stackdriver v0.9.1
go: finding github.com/go-openapi/jsonreference v0.0.0-20161105162150-36d33bfe519e
go: finding golang.org/x/tools v0.0.0-20190614205625-5aca471b1d59
go: finding github.com/google/go-github v17.0.0+incompatible
go: finding github.com/beorn7/perks v0.0.0-20180321164747-3a771d992973
go: finding github.com/go-ole/go-ole v1.2.1
go: finding golang.org/x/net v0.0.0-20180702212446-ed29d75add3d
go: finding google.golang.org/genproto v0.0.0-20181016170114-94acd270e44e
go: finding github.com/streadway/amqp v0.0.0-20181107104731-27835f1a64e9
go: finding k8s.io/client-go v2.0.0-alpha.0.0.20190115164855-701b91367003+incompatible
go: finding cloud.google.com/go v0.26.0
go: finding github.com/jmespath/go-jmespath v0.0.0-20160202185014-0b12d6b521d8
go: finding google.golang.org/api v0.0.0-20180910000450-7ca32eb868bf
go: finding github.com/bgentry/speakeasy v0.1.0
go: finding github.com/pkg/profile v1.2.1
go: finding google.golang.org/grpc v1.15.0
go: finding github.com/peterbourgon/diskv v0.0.0-20171120014656-2973218375c3
go: finding github.com/petar/GoLLRB v0.0.0-20130427215148-53be0d36a84c
go: finding github.com/census-instrumentation/opencensus-proto v0.0.2-0.20180913191712-f303ae3f8d6a
go: finding github.com/hashicorp/golang-lru v0.0.0-20180201235237-0fb14efe8c47
go: finding github.com/PuerkitoBio/urlesc v0.0.0-20170810143723-de5bf2ad4578
go: finding github.com/google/btree v0.0.0-20180813153112-4030bb1f1f0c
go: finding golang.org/x/tools v0.0.0-20190206041539-40960b6deb8e
go: finding github.com/joho/godotenv v1.3.0
go: finding github.com/prometheus/common v0.0.0-20181015124227-bcb74de08d37
go: finding github.com/jinzhu/inflection v0.0.0-20151009084129-3272df6c21d0
go: finding github.com/trivago/tgo v1.0.1
go: finding github.com/Microsoft/go-winio v0.4.6
go: finding k8s.io/klog v0.0.0-20190306015804-8e90cee79f82
go: finding github.com/docker/distribution v0.0.0-20170726174610-edc3ab29cdff
go: finding github.com/go-openapi/spec v0.0.0-20171219195406-fa03337d7da5
go: finding github.com/mailru/easyjson v0.0.0-20171120080333-32fa128f234d
go: finding gopkg.in/go-playground/assert.v1 v1.2.1
go: finding golang.org/x/text v0.3.2
go: finding github.com/census-instrumentation/opencensus-proto v0.1.0
go: finding gopkg.in/ini.v1 v1.39.0
go: finding github.com/bazelbuild/buildtools v0.0.0-20180226164855-80c7f0d45d7e
go: finding github.com/davecgh/go-spew v1.1.1
go: finding gopkg.in/yaml.v2 v2.2.1
go: finding github.com/Azure/draft v0.15.0
go: finding github.com/imdario/mergo v0.0.0-20180119215619-163f41321a19
go: finding github.com/hinshun/vt10x v0.0.0-20180809195222-d55458df857c
go: finding github.com/anmitsu/go-shlex v0.0.0-20161002113705-648efa622239
go: finding github.com/go-openapi/jsonpointer v0.0.0-20170102174223-779f45308c19
go: finding github.com/NYTimes/gziphandler v0.0.0-20160419202541-63027b26b87e
go: finding github.com/djherbis/atime v1.0.0
go: finding github.com/docker/go-units v0.3.3
go: finding golang.org/x/net v0.0.0-20180906233101-161cd47e91fd
go: finding github.com/pkg/browser v0.0.0-20170505125900-c90ca0c84f15
go: finding github.com/jonboulle/clockwork v0.1.0
go: finding github.com/PuerkitoBio/purell v1.1.1
go: finding github.com/modern-go/reflect2 v1.0.1
go: finding go.opencensus.io v0.18.0
go: finding github.com/denisenkom/go-mssqldb v0.0.0-20190111225525-2fea367d496d
go: finding github.com/grpc-ecosystem/go-grpc-middleware v1.0.0
go: finding github.com/mitchellh/go-homedir v1.1.0
go: finding github.com/google/go-querystring v0.0.0-20150414214848-547ef5ac9797
go: finding gopkg.in/warnings.v0 v0.1.2
go: finding github.com/gophercloud/gophercloud v0.0.0-20181215224939-bdd8b1ecd793
go: finding github.com/gogo/protobuf v0.0.0-20171007142547-342cbe0a0415
go: finding golang.org/x/oauth2 v0.0.0-20181203162652-d668ce993890
go: finding golang.org/x/sys v0.0.0-20180905080454-ebe1bf3edb33
go: finding github.com/go-openapi/swag v0.0.0-20171111214437-cf0bdb963811
go: finding github.com/go-openapi/swag v0.19.2
go: finding google.golang.org/grpc v1.16.0
go: finding github.com/google/uuid v1.1.0
go: finding github.com/influxdata/influxdb v0.0.0-20161215172503-049f9b42e9a5
go: finding github.com/spf13/pflag v1.0.1
go: finding github.com/modern-go/reflect2 v0.0.0-20180701023420-4b7aa43c6742
go: finding github.com/pelletier/go-toml v1.2.0
go: finding contrib.go.opencensus.io/integrations/ocsql v0.1.2
go: finding golang.org/x/exp v0.0.0-20190121172915-509febef88a4
go: finding golang.org/x/tools v0.0.0-20180828015842-6cd1fcedba52
go: finding go.opencensus.io v0.15.0
go: finding github.com/BurntSushi/toml v0.3.0
go: finding github.com/soheilhy/cmux v0.1.4
go: finding golang.org/x/oauth2 v0.0.0-20180603041954-1e0a3fa8ba9a
go: finding github.com/codeship/codeship-go v0.0.0-20180717142545-7793ca823354
go: finding honnef.co/go/tools v0.0.0-20180728063816-88497007e858
go: finding github.com/xiang90/probing v0.0.0-20160813154853-07dd2e8dfe18
go: finding github.com/Azure/azure-pipeline-go v0.0.0-20180507050906-098e490af5dc
go: finding github.com/jtolds/gls v4.20.0+incompatible
go: finding cloud.google.com/go v0.23.0
go: finding github.com/apache/thrift v0.0.0-20180902110319-2566ecd5d999
go: finding github.com/posener/complete v1.1.1
go: finding github.com/client9/misspell v0.3.4
go: finding golang.org/x/net v0.0.0-20181106065722-10aee1819953
go: finding github.com/golang/protobuf v1.1.0
go: finding github.com/json-iterator/go v0.0.0-20180701071628-ab8a2e0c74be
go: finding github.com/golang/groupcache v0.0.0-20180513044358-24b0969c4cb7
go: finding github.com/mattn/go-zglob v0.0.0-20180607075734-49693fbb3fe3
go: finding golang.org/x/tools v0.0.0-20190328211700-ab21143f2384
go: finding github.com/PuerkitoBio/purell v1.1.0
go: finding github.com/jpillora/backoff v0.0.0-20180909062703-3050d21c67d7
go: finding github.com/onsi/gomega v1.4.3
go: finding github.com/gophercloud/gophercloud v0.0.0-20180629215909-9e34f4686044
go: finding golang.org/x/crypto v0.0.0-20190611184440-5c40567a22f8
go: finding github.com/gorilla/securecookie v1.1.1
go: finding golang.org/x/oauth2 v0.0.0-20180620175406-ef147856a6dd
go: finding github.com/uber/jaeger-client-go v2.14.0+incompatible
go: finding gopkg.in/pipe.v2 v2.0.0-20140414041502-3c2ca4d52544
go: finding google.golang.org/appengine v1.2.0
go: finding golang.org/x/oauth2 v0.0.0-20181017192945-9dcd33a902f4
go: finding github.com/hashicorp/go-retryablehttp v0.5.3
go: finding github.com/kballard/go-shellquote v0.0.0-20180428030007-95032a82bc51
go: finding gopkg.in/robfig/cron.v2 v2.0.0-20150107220207-be2e0b0deed5
go: finding github.com/pborman/uuid v0.0.0-20180906182336-adf5a7427709
go: finding github.com/konsorten/go-windows-terminal-sequences v1.0.1
go: finding cloud.google.com/go v0.30.0
go: finding github.com/smartystreets/assertions v0.0.0-20180927180507-b2de0cb4f26d
go: finding github.com/googleapis/gax-go v2.0.0+incompatible
go: finding google.golang.org/grpc v1.14.0
go: finding github.com/matttproud/golang_protobuf_extensions v1.0.1
go: finding github.com/qor/qor v0.0.0-20180518090926-f171bc73933e
go: finding github.com/satori/go.uuid v0.0.0-20160713180306-0aa62d5ddceb
go: finding github.com/stretchr/testify v1.2.1
go: finding golang.org/x/lint v0.0.0-20180702182130-06c8688daad7
go: finding github.com/jinzhu/inflection v0.0.0-20180308033659-04140366298a
go: finding github.com/mgutz/ansi v0.0.0-20170206155736-9520e82c474b
go: finding gonum.org/v1/netlib v0.0.0-20190313105609-8cb42192e0e0
go: finding github.com/ryanuber/columnize v2.1.0+incompatible
go: finding github.com/coreos/go-systemd v0.0.0-20181012123002-c6f51f82210d
go: finding github.com/google/go-cmp v0.2.0
go: finding github.com/hashicorp/go-multierror v1.0.0
go: finding github.com/baiyubin/aliyun-sts-go-sdk v0.0.0-20180326062324-cfa1a18b161f
go: finding github.com/modern-go/concurrent v0.0.0-20180306012644-bacd9c7ef1dd
go: finding github.com/nwaples/rardecode v1.0.0
go: finding golang.org/x/crypto v0.0.0-20190123085648-057139ce5d2b
go: finding golang.org/x/crypto v0.0.0-20181015023909-0c41d7ab0a0e
go: finding gopkg.in/check.v1 v0.0.0-20161208181325-20d25e280405
go: finding github.com/stretchr/ob** v0.2.0
go: finding golang.org/x/sync v0.0.0-20181108010431-42b317875d0f
go: finding github.com/onsi/ginkgo v1.5.0
go: finding google.golang.org/grpc v1.12.0
go: finding github.com/emicklei/go-restful v2.9.3+incompatible
go: finding github.com/google/uuid v1.1.1
go: finding github.com/google/uuid v0.0.0-20171113160352-8c31c18f31ed
go: finding github.com/jinzhu/gorm v0.0.0-20170316141641-572d0a0ab1eb
go: finding github.com/dnaeon/go-vcr v1.0.1
go: finding github.com/prometheus/common v0.2.0
go: finding golang.org/x/net v0.0.0-20180724234803-3673e40ba225
go: finding github.com/prometheus/procfs v0.0.0-20181005140218-185b4288413d
go: finding github.com/go-sql-driver/mysql v0.0.0-20160411075031-7ebe0a500653
go: finding github.com/viniciuschiele/tarx v0.0.0-20151205142357-6e3da540444d
go: finding github.com/aws/aws-k8s-tester v0.0.0-20190114231546-b411acf57dfe
go: finding github.com/aws/aws-sdk-go v1.15.57
go: finding github.com/rickar/props v0.0.0-20170718221555-0b06aeb2f037
go: finding github.com/docker/go-connections v0.3.0
go: finding github.com/spf13/afero v1.1.1
go: finding github.com/andygrunwald/go-gerrit v0.0.0-20181026193842-43cfd7a94eb4
go: finding github.com/go-ini/ini v1.39.0
go: finding google.golang.org/grpc v1.17.0
go: finding github.com/antham/chyle v1.4.0
go: finding github.com/denormal/go-gitignore v0.0.0-20180713143441-75ce8f3e513c
go: finding golang.org/x/net v0.0.0-20190311183353-d8887717615a
go: finding github.com/go-openapi/swag v0.17.0
go: finding github.com/golang/mock v1.1.1
go: finding gonum.org/v1/netlib v0.0.0-20190331212654-76723241ea4e
go: finding github.com/prometheus/common v0.0.0-20181020173914-7e9e6cabbd39
go: finding github.com/hashicorp/hcl v0.0.0-20180404174102-ef8a98b0bbce
go: finding golang.org/x/sys v0.0.0-20180627142611-7138fd3d9dc8
go: finding golang.org/x/sys v0.0.0-20190412213103-97732733099d
go: finding github.com/appscode/jsonpatch v0.0.0-20180911074601-5af499cf01c8
go: finding google.golang.org/appengine v1.1.0
go: finding golang.org/x/net v0.0.0-20181005035420-146acd28ed58
go: finding github.com/go-stack/stack v1.8.0
go: finding github.com/gorilla/mux v1.6.2
go: finding gopkg.in/fsnotify.v1 v1.4.7
go: finding k8s.io/utils v0.0.0-20181019225348-5e321f9a457c
go: finding golang.org/x/net v0.0.0-20190613194153-d28f0bde5980
go: finding github.com/mitchellh/ioprogress v0.0.0-20180201004757-6a23b12fa88e
go: finding gopkg.in/tomb.v1 v1.0.0-20141024135613-dd632973f1e7
go: finding github.com/operator-framework/operator-sdk v0.6.0
go: finding github.com/kr/logfmt v0.0.0-20140226030751-b84e30acd515
go: finding github.com/prometheus/client_golang v0.9.0-pre1.0.20180924113449-f69c853d21c1
go: finding github.com/spf13/viper v1.0.2
go: finding google.golang.org/genproto v0.0.0-20180831171423-11092d34479b
go: finding github.com/dustin/go-humanize v1.0.0
go: finding k8s.io/helm v2.7.2+incompatible
go: finding github.com/Netflix/go-expect v0.0.0-20180615182759-c93bf25de8e8
go: finding golang.org/x/net v0.0.0-20190404232315-eb5bcb51f2a3
go: finding github.com/onsi/gomega v1.4.2
go: finding github.com/stretchr/testify v1.2.2
go: finding golang.org/x/time v0.0.0-20180412165947-fbb02b2291d2
go: finding github.com/docker/docker v0.0.0-20171206114025-5e5fadb3c020
go: finding github.com/mattn/go-colorable v0.0.8
go: finding github.com/evanphx/json-patch v4.0.0+incompatible
go: finding google.golang.org/genproto v0.0.0-20180601223552-81158efcc9f2
go: finding github.com/gregjones/httpcache v0.0.0-20181110185634-c63ab54fda8f
go: finding github.com/spf13/cobra v0.0.0-00000000000000-c46add8a6528
go: finding github.com/go-kit/kit v0.8.0
go: finding github.com/grpc-ecosystem/grpc-gateway v1.5.1
go: finding github.com/smartystreets/goconvey v0.0.0-20180222194500-ef6db91d284a
go: finding github.com/alcortesm/tgz v0.0.0-20161220082320-9c5fe88206d7
go: finding gopkg.in/yaml.v2 v2.2.2
go: finding github.com/alecthomas/units v0.0.0-20151022065526-2efee857e7cf
go: finding google.golang.org/genproto v0.0.0-20181202183823-bd91e49a0898
go: finding github.com/Masterminds/semver v1.3.1
go: finding modernc.org/cc v1.0.0
go: finding github.com/tidwall/match v0.0.0-20171002075945-1731857f09b1
go: finding github.com/stoewer/go-strcase v1.0.1
go: finding golang.org/x/text v0.3.0
go: finding github.com/kisielk/gotool v1.0.0
go: finding github.com/onsi/ginkgo v1.7.0
go: finding golang.org/x/exp v0.0.0-20190125153040-c74c464bbbf2
go: finding github.com/grpc-ecosystem/go-grpc-prometheus v1.2.0
go: finding github.com/prometheus/common v0.0.0-20180801064454-c7de2306084e
go: finding gopkg.in/h2non/gock.v0 v0.0.0-20160419120746-1baf36abac00
go: finding github.com/cpuguy83/go-md2man v1.0.8
go: finding github.com/mattn/go-colorable v0.0.9
go: finding modernc.org/xc v1.0.0
go: finding github.com/hinshun/vt10x v0.0.0-20180616224451-1954e6464174
go: finding github.com/nlopes/slack v0.0.0-20180721202243-347a74b1ea30
go: finding golang.org/x/sys v0.0.0-20180830151530-49385e6e1522
go: finding github.com/golang/groupcache v0.0.0-20180924190550-6f2cf27854a4
go: finding github.com/andygrunwald/go-jira v1.5.0
go: finding github.com/satori/go.uuid v1.2.1-0.20180103174451-36e9d2ebbde5
go: finding github.com/mailru/easyjson v0.0.0-20180823135443-60711f1a8329
go: finding k8s.io/gengo v0.0.0-20190116091435-f8a0810f38af
go: finding github.com/hashicorp/go-version v0.0.0-20180322230233-23480c066577
go: finding github.com/coreos/bbolt v1.3.1-coreos.6
go: finding github.com/openzipkin/zipkin-go v0.1.1
go: finding google.golang.org/genproto v0.0.0-20180817151627-c66870c02cf8
go: finding github.com/hashicorp/errwrap v0.0.0-20141028054710-7554cd9344ce
go: finding google.golang.org/api v0.0.0-20181017004218-3f6e8463aa1d
go: finding golang.org/x/sys v0.0.0-20181116152217-5ac8a444bdc5
go: finding contrib.go.opencensus.io/exporter/aws v0.0.0-20180906190126-dd54a7ef511e
go: finding github.com/prometheus/client_golang v0.9.2
go: finding github.com/go-logfmt/logfmt v0.3.0
go: finding github.com/c2h5oh/datasize v0.0.0-20171227191756-4eba002a5eae
go: finding github.com/antham/strumt v0.0.0-20171215230529-6776189777d3
go: finding github.com/mitchellh/mapstructure v1.0.0
go: finding github.com/Azure/azure-storage-blob-go v0.0.0-20181023070848-cf01652132cc
go: finding google.golang.org/api v0.0.0-20181021000519-a2651947f503
go: finding golang.org/x/net v0.0.0-20180921000356-2f5d2388922f
go: finding cloud.google.com/go v0.24.0
go: finding golang.org/x/net v0.0.0-20190108225652-1e06a53dbb7e
go: finding google.golang.org/appengine v1.4.0
go: finding github.com/gosimple/slug v1.1.1
go: finding github.com/jinzhu/now v0.0.0-20181116074157-8ec929ed50c3
go: finding golang.org/x/net v0.0.0-20180530234432-1e491301e022
go: finding github.com/prometheus/common v0.0.0-20181126121408-4724e9255275
go: finding github.com/shurcooL/graphql v0.0.0-20180924043259-e4a3a37e6d42
go: finding go.uber.org/zap v1.9.1
go: finding github.com/gregjones/httpcache v0.0.0-20180305231024-9cad4c3443a7
go: finding github.com/Masterminds/sprig v0.0.0-20180403013413-6b2a58267f6a
go: finding github.com/knative/serving v0.5.0
go: finding github.com/google/go-github v0.0.0-20170604030111-7a51fb928f52
go: finding github.com/gorilla/websocket v1.4.0
go: finding github.com/mattn/go-isatty v0.0.2
go: finding github.com/rifflock/lfshook v0.0.0-20180227222202-bf539943797a
go: finding github.com/kr/pty v1.1.5
go: finding golang.org/x/sys v0.0.0-20180906133057-8cf3aee42992
go: finding github.com/go-yaml/yaml v2.1.0+incompatible
go: finding code.gitea.io/sdk v0.0.0-20180702024448-79a281c4e34a
go: finding golang.org/x/sys v0.0.0-20180823144017-11551d06cbcc
go: finding go.etcd.io/bbolt v1.3.2
go: finding github.com/mattn/go-sqlite3 v1.10.0
go: finding github.com/spf13/pflag v0.0.0-20170508184408-e57e3eeb33f7
go: finding modernc.org/strutil v1.0.0
go: finding k8s.io/gengo v0.0.0-20190327210449-e17681d19d3a
go: finding github.com/knative/pkg v0.0.0-20181205230426-0e41760cea1d
go: finding go.etcd.io/etcd v0.0.0-20181031231232-83304cfc808c
go: finding golang.org/x/crypto v0.0.0-20190308221718-c2843e01d9a2
go: finding github.com/go-openapi/jsonpointer v0.19.2
go: finding golang.org/x/lint v0.0.0-20181026193005-c67002cb31c3
go: finding github.com/gin-contrib/sse v0.0.0-20170109093832-22d885f9ecc7
go: finding github.com/mattn/go-sqlite3 v0.0.0-20160514122348-38ee283dabf1
go: finding golang.org/x/net v0.0.0-20181017193950-04a2e542c03f
go: finding golang.org/x/net v0.0.0-20180826012351-8a410e7b638d
go: finding github.com/gregjones/httpcache v0.0.0-20160524185540-16db777d8ebe
go: finding google.golang.org/api v0.0.0-20180603000442-8e296ef26005
go: finding github.com/google/subcommands v0.0.0-20181012225330-46f0354f6315
go: finding github.com/gobwas/glob v0.2.3
go: finding github.com/xi2/xz v0.0.0-20171230120015-48954b6210f8
go: finding gopkg.in/alecthomas/kingpin.v2 v2.2.6
go: finding github.com/tmc/grpc-websocket-proxy v0.0.0-20170815181823-89b8d40f7ca8
go: finding github.com/alecthomas/template v0.0.0-20160405071501-a0175ee3bccc
go: finding github.com/inconshreveable/mousetrap v0.0.0-20141017200713-76626ae9c91c
go: finding golang.org/x/exp v0.0.0-20190312203227-4b39c73a6495
go: finding github.com/prometheus/client_golang v0.9.1
go: finding github.com/knative/build v0.1.2
go: finding google.golang.org/appengine v1.0.0
go: finding github.com/docker/spdystream v0.0.0-20170912183627-bc6354cbbc29
go: finding github.com/elazarl/goproxy v0.0.0-20181111060418-2ce16c963a8a
go: finding google.golang.org/genproto v0.0.0-20180608181217-32ee49c4dd80
go: finding github.com/fatih/color v1.5.0
go: finding github.com/remyoudompheng/bigfft v0.0.0-20170806203942-52369c62f446
go: finding github.com/google/btree v0.0.0-20180124185431-e89373fe6b4a
go: finding github.com/julienschmidt/httprouter v1.2.0
go: finding github.com/shurcooL/go v0.0.0-20180423040247-9e1955d9fb6e
go: finding github.com/appscode/jsonpatch v0.0.0-20190108182946-7c0e3b262f30
go: finding github.com/mattn/go-runewidth v0.0.2
go: finding github.com/mwitkow/go-conntrack v0.0.0-20161129095857-cc309e4a2223
go: finding github.com/BurntSushi/xgb v0.0.0-20160522181843-27f122750802
go: finding github.com/imdario/mergo v0.3.5
go: finding golang.org/x/crypto v0.0.0-20180608092829-8ac0e0d97ce4
go: finding golang.org/x/tools v0.0.0-20180917221912-90fa682c2a6e
go: finding github.com/onsi/ginkgo v1.6.0
go: finding go.etcd.io/bbolt v1.3.1-etcd.7
go: finding github.com/golang/groupcache v0.0.0-20160516000752-02826c3e7903
go: finding github.com/andygrunwald/go-gerrit v0.0.0-20171029143327-95b11af228a1
go: finding github.com/opencontainers/image-spec v1.0.1
go: finding github.com/grpc-ecosystem/grpc-gateway v1.4.1
go: finding modernc.org/mathutil v1.0.0
go: finding github.com/matttproud/golang_protobuf_extensions v1.0.0
go: finding golang.org/x/net v0.0.0-20181201002055-351d144fa1fc
go: finding github.com/knative/pkg v0.0.0-20190402181056-ff46edef0ae5
go: finding github.com/urfave/cli v1.18.0
go: finding gopkg.in/src-d/go-git-fixtures.v3 v3.3.0
go: finding github.com/coreos/go-systemd v0.0.0-20180511133405-39ca1b05acc7
go: finding github.com/kr/pty v1.0.0
go: finding github.com/prometheus/client_model v0.0.0-20170216185247-6f3806018612
go: finding golang.org/x/image v0.0.0-20190227222117-0694c2d4d067
go: finding github.com/gorilla/context v1.1.1
go: finding github.com/coreos/pkg v0.0.0-20160727233714-3ac0863d7acf
go: finding github.com/jtolds/gls v4.2.1+incompatible
go: finding github.com/gogo/protobuf v1.1.1
go: finding github.com/imdario/mergo v0.3.6
go: finding golang.org/x/sys v0.0.0-20190215142949-d0b11bdaac8a
go: finding github.com/aws/aws-sdk-go v1.16.18
go: finding github.com/hashicorp/go-multierror v0.0.0-20171204182908-b7773ae21874
go: finding github.com/dimchansky/utfbom v1.1.0
go: finding golang.org/x/sys v0.0.0-20190312061237-fead79001313
go: finding github.com/knative/build v0.2.0
go: finding github.com/sethgrid/pester v0.0.0-20180430140037-03e26c9abbbf
go: finding github.com/satori/go.uuid v1.2.0
go: finding github.com/hashicorp/go-cleanhttp v0.5.0
go: finding github.com/kr/pty v1.1.1
go: finding github.com/grpc-ecosystem/grpc-gateway v1.5.0
go: finding golang.org/x/crypto v0.0.0-20180621125126-a49355c7e3f8
go: finding github.com/gopherjs/gopherjs v0.0.0-20181017120253-0766667cb4d1
go: finding github.com/rollout/rox-go v0.0.0-20181220111955-29ddae74a8c4
go: finding golang.org/x/sys v0.0.0-20180606202747-9527bec2660b
go: finding k8s.io/test-infra v0.0.0-20181019233642-2e10a0bbe9b3
go: finding github.com/tidwall/gjson v1.1.0
go: finding gopkg.in/cheggaaa/pb.v1 v1.0.25
go: finding vbom.ml/util v0.0.0-20170409195630-256737ac55c4
go: finding github.com/spf13/jwalterweatherman v0.0.0-20180109140146-7c0cea34c8ec
go: finding github.com/lib/pq v1.0.0
go: finding github.com/hpcloud/tail v1.0.0
go: finding github.com/olekukonko/tablewriter v0.0.0-20170122224234-a0225b3f23b5
go: finding github.com/nbio/st v0.0.0-20140626010706-e9e8d9816f32
go: finding cloud.google.com/go v0.34.0
go: finding github.com/chromedp/chromedp v0.1.1
go: finding github.com/aws/aws-sdk-go v1.15.27
go: finding github.com/hashicorp/go-version v1.0.0
go: finding github.com/coreos/prometheus-operator v0.29.0
go: finding github.com/peterbourgon/diskv v2.0.1+incompatible
go: finding gopkg.in/cenkalti/backoff.v1 v1.1.0
go: finding github.com/prometheus/procfs v0.0.0-20181204211112-1dc9a6cbc91a
go: finding github.com/jenkins-x/golang-jenkins v0.0.0-20180919102630-65b83ad42314
go: finding github.com/rainycape/unidecode v0.0.0-20150907023854-cb7f23ec59be
go: finding github.com/rollout/sse v0.0.0-20181105093643-e422b54b3b28
go: finding github.com/prometheus/procfs v0.0.0-20180612222113-7d6f385de8be
go: finding github.com/mattn/go-isatty v0.0.4
go: finding github.com/go-errors/errors v1.0.1
go: finding github.com/gorilla/websocket v1.2.0
go: finding github.com/gorilla/websocket v0.0.0-20170926233335-4201258b820c
go: finding github.com/mailru/easyjson v0.0.0-20190614124828-94de47d64c63
go: finding gopkg.in/check.v1 v1.0.0-20161208181325-20d25e280405
go: finding github.com/disintegration/imaging v1.4.2
go: finding github.com/hashicorp/go-version v1.1.0
go: finding golang.org/x/net v0.0.0-20181102091132-c10e9556a7bc
go: finding github.com/go-ini/ini v1.25.4
go: finding golang.org/x/image v0.0.0-20180628062038-cc896f830ced
go: finding golang.org/x/net v0.0.0-20181114220301-adae6a3d119a
go: finding github.com/chromedp/cdproto v0.0.0-20180703215205-c125a34ea3b3
go: finding github.com/antham/envh v1.2.0
go: finding github.com/stretchr/ob** v0.1.1
go: finding modernc.org/golex v1.0.0
go: finding github.com/prometheus/common v0.0.0-20180518154759-7600349dcfe1
go: finding gopkg.in/src-d/go-git.v4 v4.1.1
go: finding golang.org/x/tools v0.0.0-20190312151545-0bb0c0a6e846
go: finding github.com/bwmarrin/snowflake v0.0.0-20170221160716-02cc386c183a
go: finding github.com/dustin/go-humanize v0.0.0-20171111073723-bb3d318650d4
go: finding github.com/mailru/easyjson v0.0.0-20180606163543-3fdea8d05856
go: finding github.com/gopherjs/gopherjs v0.0.0-20181103185306-d547d1d9531e
go: finding github.com/mitchellh/go-wordwrap v1.0.0
go: finding github.com/mattn/go-isatty v0.0.3
go: finding golang.org/x/sync v0.0.0-20180314180146-1d60e4601c6f
go: finding github.com/shirou/w32 v0.0.0-20160930032740-bb4de0191aa4
go: finding golang.org/x/mobile v0.0.0-20190312151609-d3739f865fa6
go: finding github.com/qor/inflection v0.0.0-20180308033659-04140366298a
go: finding github.com/knq/sysutil v0.0.0-20180306023629-0218e141a794
go: finding github.com/Jeffail/gabs v1.1.1
go: downloading github.com/pkg/errors v0.8.0
go: downloading github.com/cenkalti/backoff v2.1.1+incompatible
go: downloading github.com/go-openapi/spec v0.19.2
go: downloading github.com/ghodss/yaml v1.0.0
go: downloading github.com/spf13/cobra v0.0.3
go: downloading github.com/jtnord/logrus v1.4.2-0.20190423161236-606ffcaf8f5d
go: downloading k8s.io/kube-openapi v0.0.0-20190228160746-b3a7cee44a30
go: extracting github.com/cenkalti/backoff v2.1.1+incompatible
go: extracting github.com/pkg/errors v0.8.0
go: downloading github.com/satori/go.uuid v1.2.1-0.20180103174451-36e9d2ebbde5
go: extracting github.com/ghodss/yaml v1.0.0
go: downloading gopkg.in/yaml.v2 v2.2.2
go: extracting github.com/jtnord/logrus v1.4.2-0.20190423161236-606ffcaf8f5d
go: extracting github.com/spf13/cobra v0.0.3
go: downloading golang.org/x/sys v0.0.0-20190616124812-15dcb6c0061f
go: extracting gopkg.in/yaml.v2 v2.2.2
go: extracting github.com/satori/go.uuid v1.2.1-0.20180103174451-36e9d2ebbde5
go: extracting github.com/go-openapi/spec v0.19.2
go: downloading github.com/spf13/pflag v1.0.3
go: extracting github.com/spf13/pflag v1.0.3
go: downloading github.com/go-openapi/jsonreference v0.19.2
go: downloading github.com/go-openapi/jsonpointer v0.19.2
go: downloading github.com/go-openapi/swag v0.19.2
go: extracting github.com/go-openapi/jsonreference v0.19.2
go: extracting github.com/go-openapi/jsonpointer v0.19.2
go: extracting github.com/go-openapi/swag v0.19.2
go: downloading github.com/PuerkitoBio/purell v1.1.1
go: extracting github.com/PuerkitoBio/purell v1.1.1
go: downloading github.com/mailru/easyjson v0.0.0-20190614124828-94de47d64c63
go: downloading golang.org/x/net v0.0.0-20190613194153-d28f0bde5980
go: downloading golang.org/x/text v0.3.2
go: downloading github.com/PuerkitoBio/urlesc v0.0.0-20170810143723-de5bf2ad4578
go: extracting k8s.io/kube-openapi v0.0.0-20190228160746-b3a7cee44a30
go: extracting github.com/PuerkitoBio/urlesc v0.0.0-20170810143723-de5bf2ad4578
go: extracting github.com/mailru/easyjson v0.0.0-20190614124828-94de47d64c63
go: extracting golang.org/x/sys v0.0.0-20190616124812-15dcb6c0061f
go: downloading github.com/emicklei/go-restful v2.9.3+incompatible
go: extracting github.com/emicklei/go-restful v2.9.3+incompatible
go: extracting golang.org/x/net v0.0.0-20190613194153-d28f0bde5980
go: extracting golang.org/x/text v0.3.2
GO111MODULE=on go get github.com/petergtz/pegomock/...@v2.2.0
go: finding github.com/petergtz/pegomock v2.2.0
go: downloading github.com/petergtz/pegomock v2.2.0+incompatible
go: extracting github.com/petergtz/pegomock v2.2.0+incompatible
go: downloading github.com/onsi/gomega v1.4.3
go: downloading gopkg.in/alecthomas/kingpin.v2 v2.2.6
go: downloading golang.org/x/tools v0.0.0-20190614205625-5aca471b1d59
go: extracting github.com/onsi/gomega v1.4.3
go: extracting gopkg.in/alecthomas/kingpin.v2 v2.2.6
go: downloading github.com/alecthomas/units v0.0.0-20151022065526-2efee857e7cf
go: downloading github.com/alecthomas/template v0.0.0-20160405071501-a0175ee3bccc
go: extracting github.com/alecthomas/units v0.0.0-20151022065526-2efee857e7cf
go: extracting github.com/alecthomas/template v0.0.0-20160405071501-a0175ee3bccc
go: extracting golang.org/x/tools v0.0.0-20190614205625-5aca471b1d59
Generating Mocks using pegomock
GO111MODULE=on go generate ./...
go: downloading github.com/aws/aws-sdk-go v1.17.10
go: downloading k8s.io/apimachinery v0.0.0-20190122181752-bebe27e40fb7
go: downloading github.com/xanzy/go-gitlab v0.0.0-20180814191223-f3bc634ab936
go: downloading github.com/google/go-cmp v0.3.0
go: downloading code.gitea.io/sdk v0.0.0-20180702024448-79a281c4e34a
go: downloading k8s.io/client-go v2.0.0-alpha.0.0.20190115164855-701b91367003+incompatible
go: extracting k8s.io/client-go v2.0.0-alpha.0.0.20190115164855-701b91367003+incompatible
go: extracting github.com/xanzy/go-gitlab v0.0.0-20180814191223-f3bc634ab936
go: extracting github.com/google/go-cmp v0.3.0
go: extracting code.gitea.io/sdk v0.0.0-20180702024448-79a281c4e34a
go: downloading github.com/tektoncd/pipeline v0.5.1
go: extracting k8s.io/apimachinery v0.0.0-20190122181752-bebe27e40fb7
go: downloading sigs.k8s.io/yaml v1.1.0
go: downloading k8s.io/apiextensions-apiserver v0.0.0-20181128195303-1f84094d7e8e
go: extracting sigs.k8s.io/yaml v1.1.0
go: extracting k8s.io/apiextensions-apiserver v0.0.0-20181128195303-1f84094d7e8e
go: extracting github.com/tektoncd/pipeline v0.5.1
go: downloading github.com/mitchellh/mapstructure v1.1.2
go: downloading github.com/knative/serving v0.5.0
go: downloading k8s.io/test-infra v0.0.0-20190131093439-a22cef183a8f
go: extracting github.com/mitchellh/mapstructure v1.1.2
go: downloading k8s.io/api v0.0.0-20181128191700-6db15a15d2d3
go: downloading k8s.io/metrics v0.0.0-20181128195641-3954d62a524d
go: extracting k8s.io/metrics v0.0.0-20181128195641-3954d62a524d
go: downloading gopkg.in/AlecAivazis/survey.v1 v1.8.3
go: extracting gopkg.in/AlecAivazis/survey.v1 v1.8.3
go: downloading github.com/denormal/go-gitignore v0.0.0-20180713143441-75ce8f3e513c
go: downloading gocloud.dev v0.9.0
go: downloading github.com/mattbaird/jsonpatch v0.0.0-20171005235357-81af80346b1a
go: extracting k8s.io/api v0.0.0-20181128191700-6db15a15d2d3
go: extracting github.com/denormal/go-gitignore v0.0.0-20180713143441-75ce8f3e513c
go: extracting github.com/mattbaird/jsonpatch v0.0.0-20171005235357-81af80346b1a
go: downloading github.com/nlopes/slack v0.0.0-20180721202243-347a74b1ea30
go: extracting github.com/knative/serving v0.5.0
go: extracting github.com/nlopes/slack v0.0.0-20180721202243-347a74b1ea30
go: downloading github.com/Jeffail/gabs v1.1.1
go: downloading github.com/google/uuid v1.1.1
go: extracting github.com/google/uuid v1.1.1
go: extracting gocloud.dev v0.9.0
go: downloading github.com/knative/build v0.5.0
go: extracting github.com/Jeffail/gabs v1.1.1
go: downloading github.com/hashicorp/golang-lru v0.5.0
go: extracting github.com/knative/build v0.5.0
go: extracting github.com/hashicorp/golang-lru v0.5.0
go: downloading github.com/google/gofuzz v0.0.0-20170612174753-24818f796faf
go: extracting github.com/google/gofuzz v0.0.0-20170612174753-24818f796faf
go: downloading github.com/google/go-github v17.0.0+incompatible
go: downloading github.com/evanphx/json-patch v4.1.0+incompatible
go: extracting k8s.io/test-infra v0.0.0-20190131093439-a22cef183a8f
go: extracting github.com/evanphx/json-patch v4.1.0+incompatible
go: downloading github.com/wbrefvem/go-bitbucket v0.0.0-20190128183802-fc08fd046abb
go: downloading github.com/acarl005/stripansi v0.0.0-20180116102854-5a71ef0e047d
go: extracting github.com/google/go-github v17.0.0+incompatible
go: extracting github.com/acarl005/stripansi v0.0.0-20180116102854-5a71ef0e047d
go: downloading github.com/Netflix/go-expect v0.0.0-20180814212900-124a37274874
go: extracting github.com/wbrefvem/go-bitbucket v0.0.0-20190128183802-fc08fd046abb
go: downloading github.com/chromedp/chromedp v0.1.1
go: extracting github.com/Netflix/go-expect v0.0.0-20180814212900-124a37274874
go: downloading github.com/knative/pkg v0.0.0-20190402181056-ff46edef0ae5
go: extracting github.com/chromedp/chromedp v0.1.1
go: downloading github.com/chromedp/cdproto v0.0.0-20180720050708-57cf4773008d
go: downloading k8s.io/helm v2.7.2+incompatible
go: extracting github.com/knative/pkg v0.0.0-20190402181056-ff46edef0ae5
go: extracting github.com/chromedp/cdproto v0.0.0-20180720050708-57cf4773008d
go: downloading github.com/andygrunwald/go-gerrit v0.0.0-20181026193842-43cfd7a94eb4
go: extracting github.com/andygrunwald/go-gerrit v0.0.0-20181026193842-43cfd7a94eb4
go: extracting k8s.io/helm v2.7.2+incompatible
go: downloading github.com/kr/pty v1.1.5
go: extracting github.com/kr/pty v1.1.5
go: downloading github.com/IBM-Cloud/bluemix-go v0.0.0-20181008063305-d718d474c7c2
go: extracting github.com/aws/aws-sdk-go v1.17.10
go: extracting github.com/IBM-Cloud/bluemix-go v0.0.0-20181008063305-d718d474c7c2
go: downloading github.com/disintegration/imaging v1.4.2
go: downloading github.com/jetstack/cert-manager v0.5.2
go: extracting github.com/disintegration/imaging v1.4.2
go: downloading github.com/mgutz/ansi v0.0.0-20170206155736-9520e82c474b
go: downloading github.com/stretchr/testify v1.3.0
go: downloading github.com/alexflint/go-filemutex v0.0.0-20171028004239-d358565f3c3f
go: downloading github.com/jenkins-x/sonobuoy v0.11.7-0.20190318120422-253758214767
go: extracting github.com/alexflint/go-filemutex v0.0.0-20171028004239-d358565f3c3f
go: extracting github.com/mgutz/ansi v0.0.0-20170206155736-9520e82c474b
go: downloading github.com/blang/semver v3.5.1+incompatible
go: extracting github.com/jetstack/cert-manager v0.5.2
go: extracting github.com/stretchr/testify v1.3.0
go: extracting github.com/blang/semver v3.5.1+incompatible
go: downloading golang.org/x/xerrors v0.0.0-20190513163551-3ee3066db522
go: downloading github.com/iancoleman/orderedmap v0.0.0-20181121102841-22c6ecc9fe13
go: extracting golang.org/x/xerrors v0.0.0-20190513163551-3ee3066db522
go: extracting github.com/jenkins-x/sonobuoy v0.11.7-0.20190318120422-253758214767
go: extracting github.com/iancoleman/orderedmap v0.0.0-20181121102841-22c6ecc9fe13
go: downloading github.com/andygrunwald/go-jira v1.5.0
go: extracting github.com/andygrunwald/go-jira v1.5.0
go: downloading github.com/hinshun/vt10x v0.0.0-20180809195222-d55458df857c
go: extracting github.com/hinshun/vt10x v0.0.0-20180809195222-d55458df857c
go: downloading github.com/kballard/go-shellquote v0.0.0-20180428030007-95032a82bc51
go: downloading golang.org/x/image v0.0.0-20190227222117-0694c2d4d067
go: extracting github.com/kballard/go-shellquote v0.0.0-20180428030007-95032a82bc51
go: downloading github.com/golang/protobuf v1.2.0
go: extracting github.com/golang/protobuf v1.2.0
go: downloading golang.org/x/crypto v0.0.0-20190611184440-5c40567a22f8
go: extracting golang.org/x/crypto v0.0.0-20190611184440-5c40567a22f8
go: extracting golang.org/x/image v0.0.0-20190227222117-0694c2d4d067
go: downloading github.com/google/go-querystring v1.0.0
go: extracting github.com/google/go-querystring v1.0.0
go: downloading github.com/jenkins-x/golang-jenkins v0.0.0-20180919102630-65b83ad42314
go: extracting github.com/jenkins-x/golang-jenkins v0.0.0-20180919102630-65b83ad42314
go: downloading github.com/imdario/mergo v0.3.6
go: extracting github.com/imdario/mergo v0.3.6
go: downloading gopkg.in/robfig/cron.v2 v2.0.0-20150107220207-be2e0b0deed5
go: extracting gopkg.in/robfig/cron.v2 v2.0.0-20150107220207-be2e0b0deed5
go: downloading github.com/gorilla/websocket v1.4.0
go: extracting github.com/gorilla/websocket v1.4.0
go: downloading github.com/gogo/protobuf v1.1.1
go: downloading github.com/hashicorp/vault v1.1.2
go: extracting github.com/gogo/protobuf v1.1.1
go: downloading gopkg.in/src-d/go-git.v4 v4.5.0
go: downloading github.com/codeship/codeship-go v0.0.0-20180717142545-7793ca823354
go: downloading github.com/fsnotify/fsnotify v1.4.7
go: downloading google.golang.org/api v0.1.0
go: downloading github.com/shurcooL/githubv4 v0.0.0-20180925043049-51d7b505e2e9
go: downloading github.com/gregjones/httpcache v0.0.0-20181110185634-c63ab54fda8f
go: downloading github.com/golang/glog v0.0.0-20160126235308-23def4e6c14b
go: downloading golang.org/x/sync v0.0.0-20190423024810-112230192c58
go: extracting github.com/shurcooL/githubv4 v0.0.0-20180925043049-51d7b505e2e9
go: extracting github.com/codeship/codeship-go v0.0.0-20180717142545-7793ca823354
go: extracting github.com/fsnotify/fsnotify v1.4.7
go: downloading github.com/hpcloud/tail v1.0.0
go: extracting github.com/gregjones/httpcache v0.0.0-20181110185634-c63ab54fda8f
go: extracting github.com/golang/glog v0.0.0-20160126235308-23def4e6c14b
go: downloading github.com/Masterminds/semver v1.4.2
go: downloading github.com/jenkins-x/draft-repo v0.0.0-20180417100212-2f66cc518135
go: downloading github.com/sethvargo/go-password v0.1.2
go: extracting golang.org/x/sync v0.0.0-20190423024810-112230192c58
go: downloading github.com/fatih/structs v1.1.0
go: downloading github.com/peterbourgon/diskv v2.0.1+incompatible
go: extracting github.com/sethvargo/go-password v0.1.2
go: extracting github.com/hpcloud/tail v1.0.0
go: extracting github.com/Masterminds/semver v1.4.2
go: downloading github.com/xeipuuv/gojsonschema v1.1.0
go: downloading github.com/googleapis/gnostic v0.2.0
go: extracting github.com/fatih/structs v1.1.0
go: downloading github.com/c2h5oh/datasize v0.0.0-20171227191756-4eba002a5eae
go: downloading github.com/shurcooL/graphql v0.0.0-20180924043259-e4a3a37e6d42
go: extracting github.com/peterbourgon/diskv v2.0.1+incompatible
go: downloading github.com/shirou/gopsutil v0.0.0-20180901134234-eb1f1ab16f2e
go: extracting github.com/xeipuuv/gojsonschema v1.1.0
go: extracting github.com/c2h5oh/datasize v0.0.0-20171227191756-4eba002a5eae
go: extracting github.com/shurcooL/graphql v0.0.0-20180924043259-e4a3a37e6d42
go: extracting gopkg.in/src-d/go-git.v4 v4.5.0
go: downloading golang.org/x/oauth2 v0.0.0-20190604053449-0f29369cfe45
go: extracting github.com/shirou/gopsutil v0.0.0-20180901134234-eb1f1ab16f2e
go: downloading github.com/alecthomas/jsonschema v0.0.0-20190504002508-159cbd5dba26
go: extracting github.com/jenkins-x/draft-repo v0.0.0-20180417100212-2f66cc518135
go: extracting golang.org/x/oauth2 v0.0.0-20190604053449-0f29369cfe45
go: extracting github.com/alecthomas/jsonschema v0.0.0-20190504002508-159cbd5dba26
go: downloading github.com/Azure/draft v0.15.0
go: extracting github.com/googleapis/gnostic v0.2.0
go: downloading github.com/mattn/go-colorable v0.0.9
go: extracting github.com/mattn/go-colorable v0.0.9
go: downloading google.golang.org/grpc v1.17.0
go: downloading k8s.io/kubernetes v1.11.3
go: downloading github.com/rifflock/lfshook v0.0.0-20180227222202-bf539943797a
go: extracting github.com/rifflock/lfshook v0.0.0-20180227222202-bf539943797a
go: downloading github.com/Masterminds/sprig v2.15.0+incompatible
go: downloading github.com/google/go-containerregistry v0.0.0-20190317040536-ebbba8469d06
go: extracting github.com/Masterminds/sprig v2.15.0+incompatible
go: downloading cloud.google.com/go v0.34.0
go: downloading github.com/mholt/archiver v3.1.1+incompatible
go: extracting github.com/mholt/archiver v3.1.1+incompatible
go: downloading github.com/dsnet/compress v0.0.0-20171208185109-cc9eb1d7ad76
go: extracting google.golang.org/grpc v1.17.0
go: extracting github.com/Azure/draft v0.15.0
go: downloading github.com/prometheus/common v0.2.0
go: extracting github.com/google/go-containerregistry v0.0.0-20190317040536-ebbba8469d06
go: extracting github.com/prometheus/common v0.2.0
go: downloading github.com/aokoli/goutils v1.0.1
go: extracting github.com/aokoli/goutils v1.0.1
go: downloading github.com/BurntSushi/toml v0.3.1
go: downloading github.com/davecgh/go-spew v1.1.1
go: extracting github.com/davecgh/go-spew v1.1.1
go: extracting github.com/BurntSushi/toml v0.3.1
go: extracting github.com/hashicorp/vault v1.1.2
go: downloading github.com/pborman/uuid v1.2.0
go: downloading github.com/jbenet/go-context v0.0.0-20150711004518-d14ea06fba99
go: downloading github.com/pkg/browser v0.0.0-20170505125900-c90ca0c84f15
go: extracting cloud.google.com/go v0.34.0
go: extracting github.com/jbenet/go-context v0.0.0-20150711004518-d14ea06fba99
go: extracting github.com/pkg/browser v0.0.0-20170505125900-c90ca0c84f15
go: extracting github.com/pborman/uuid v1.2.0
go: downloading github.com/xi2/xz v0.0.0-20171230120015-48954b6210f8
go: downloading github.com/trivago/tgo v1.0.1
go: downloading github.com/json-iterator/go v1.1.5
go: extracting github.com/xi2/xz v0.0.0-20171230120015-48954b6210f8
go: extracting github.com/trivago/tgo v1.0.1
go: extracting github.com/json-iterator/go v1.1.5
go: downloading github.com/rodaine/hclencoder v0.0.0-20180926060551-0680c4321930
go: downloading github.com/gorilla/sessions v1.1.3
go: extracting github.com/rodaine/hclencoder v0.0.0-20180926060551-0680c4321930
go: downloading github.com/pierrec/lz4 v2.0.5+incompatible
go: extracting github.com/gorilla/sessions v1.1.3
go: downloading github.com/knq/sysutil v0.0.0-20180306023629-0218e141a794
go: downloading github.com/beevik/etree v1.0.1
go: extracting github.com/knq/sysutil v0.0.0-20180306023629-0218e141a794
go: extracting github.com/dsnet/compress v0.0.0-20171208185109-cc9eb1d7ad76
go: extracting github.com/beevik/etree v1.0.1
go: downloading github.com/hashicorp/hcl v1.0.0
go: downloading github.com/fatih/color v1.7.0
go: extracting github.com/fatih/color v1.7.0
go: downloading github.com/banzaicloud/bank-vaults v0.0.0-20190508130850-5673d28c46bd
go: extracting github.com/hashicorp/hcl v1.0.0
go: downloading github.com/emirpasic/gods v1.9.0
go: extracting github.com/emirpasic/gods v1.9.0
go: extracting github.com/pierrec/lz4 v2.0.5+incompatible
go: downloading github.com/cpuguy83/go-md2man v1.0.8
go: extracting github.com/cpuguy83/go-md2man v1.0.8
go: downloading github.com/gfleury/go-bitbucket-v1 v0.0.0-20190216152406-3a732135aa4d
go: extracting github.com/gfleury/go-bitbucket-v1 v0.0.0-20190216152406-3a732135aa4d
go: downloading github.com/rollout/rox-go v0.0.0-20181220111955-29ddae74a8c4
go: extracting github.com/rollout/rox-go v0.0.0-20181220111955-29ddae74a8c4
go: downloading github.com/mattn/go-isatty v0.0.4
go: extracting github.com/mattn/go-isatty v0.0.4
go: downloading gopkg.in/inf.v0 v0.9.1
go: downloading github.com/gobwas/glob v0.2.3
go: extracting github.com/gobwas/glob v0.2.3
go: extracting gopkg.in/inf.v0 v0.9.1
go: downloading github.com/antham/chyle v1.4.0
go: extracting google.golang.org/api v0.1.0
go: downloading github.com/danwakefield/fnmatch v0.0.0-20160403171240-cbb64ac3d964
go: downloading github.com/huandu/xstrings v1.0.0
go: extracting github.com/antham/chyle v1.4.0
go: extracting github.com/danwakefield/fnmatch v0.0.0-20160403171240-cbb64ac3d964
go: downloading github.com/russross/blackfriday v1.5.1
go: extracting github.com/huandu/xstrings v1.0.0
go: downloading github.com/stoewer/go-strcase v1.0.1
go: extracting github.com/stoewer/go-strcase v1.0.1
go: downloading github.com/Azure/go-autorest v10.15.5+incompatible
go: downloading github.com/Pallinder/go-randomdata v0.0.0-20180616180521-15df0648130a
go: extracting github.com/russross/blackfriday v1.5.1
go: downloading github.com/gorilla/securecookie v1.1.1
go: extracting github.com/banzaicloud/bank-vaults v0.0.0-20190508130850-5673d28c46bd
go: extracting github.com/Pallinder/go-randomdata v0.0.0-20180616180521-15df0648130a
go: downloading github.com/spf13/viper v1.2.1
go: downloading github.com/googleapis/gax-go v2.0.0+incompatible
go: extracting github.com/Azure/go-autorest v10.15.5+incompatible
go: extracting github.com/spf13/viper v1.2.1
go: downloading golang.org/x/time v0.0.0-20180412165947-fbb02b2291d2
go: extracting github.com/gorilla/securecookie v1.1.1
go: extracting github.com/googleapis/gax-go v2.0.0+incompatible
go: downloading github.com/onsi/ginkgo v1.7.0
go: downloading github.com/viniciuschiele/tarx v0.0.0-20151205142357-6e3da540444d
go: downloading github.com/spf13/afero v1.1.2
go: extracting golang.org/x/time v0.0.0-20180412165947-fbb02b2291d2
go: downloading google.golang.org/genproto v0.0.0-20190219182410-082222b4a5c5
go: extracting github.com/viniciuschiele/tarx v0.0.0-20151205142357-6e3da540444d
go: downloading github.com/modern-go/concurrent v0.0.0-20180306012644-bacd9c7ef1dd
go: extracting github.com/spf13/afero v1.1.2
go: downloading github.com/shurcooL/go v0.0.0-20180423040247-9e1955d9fb6e
go: downloading github.com/pelletier/go-toml v1.2.0
go: extracting github.com/onsi/ginkgo v1.7.0
go: downloading github.com/nwaples/rardecode v1.0.0
go: extracting github.com/modern-go/concurrent v0.0.0-20180306012644-bacd9c7ef1dd
go: extracting github.com/shurcooL/go v0.0.0-20180423040247-9e1955d9fb6e
go: extracting google.golang.org/genproto v0.0.0-20190219182410-082222b4a5c5
go: extracting github.com/pelletier/go-toml v1.2.0
go: downloading github.com/gorilla/context v1.1.1
go: downloading github.com/prometheus/client_golang v0.9.2
go: downloading github.com/modern-go/reflect2 v1.0.1
go: extracting github.com/nwaples/rardecode v1.0.0
go: extracting k8s.io/kubernetes v1.11.3
go: downloading github.com/spf13/cast v1.2.0
go: extracting github.com/gorilla/context v1.1.1
go: downloading github.com/google/btree v0.0.0-20180813153112-4030bb1f1f0c
go: extracting github.com/prometheus/client_golang v0.9.2
go: extracting github.com/modern-go/reflect2 v1.0.1
go: extracting github.com/google/btree v0.0.0-20180813153112-4030bb1f1f0c
go: downloading gopkg.in/tomb.v1 v1.0.0-20141024135613-dd632973f1e7
go: extracting github.com/spf13/cast v1.2.0
go: downloading github.com/magiconair/properties v1.8.0
go: extracting gopkg.in/tomb.v1 v1.0.0-20141024135613-dd632973f1e7
go: extracting github.com/magiconair/properties v1.8.0
go: downloading github.com/xeipuuv/gojsonreference v0.0.0-20180127040603-bd5ef7bd5415
go: extracting github.com/xeipuuv/gojsonreference v0.0.0-20180127040603-bd5ef7bd5415
go: downloading go.opencensus.io v0.18.0
go: extracting go.opencensus.io v0.18.0
go: downloading github.com/rickar/props v0.0.0-20170718221555-0b06aeb2f037
go: extracting github.com/rickar/props v0.0.0-20170718221555-0b06aeb2f037
go: downloading go.uber.org/zap v1.9.1
go: downloading github.com/spf13/jwalterweatherman v1.0.0
go: extracting go.uber.org/zap v1.9.1
go: extracting github.com/spf13/jwalterweatherman v1.0.0
go: downloading github.com/ulikunitz/xz v0.5.6
go: downloading github.com/google/wire v0.2.0
go: extracting github.com/ulikunitz/xz v0.5.6
go: extracting github.com/google/wire v0.2.0
go: downloading gopkg.in/src-d/go-billy.v4 v4.2.0
go: extracting gopkg.in/src-d/go-billy.v4 v4.2.0
go: downloading github.com/prometheus/procfs v0.0.0-20181204211112-1dc9a6cbc91a
go: extracting github.com/prometheus/procfs v0.0.0-20181204211112-1dc9a6cbc91a
go: downloading github.com/sergi/go-diff v1.0.0
go: downloading github.com/MakeNowJust/heredoc v0.0.0-20171113091838-e9091a26100e
go: extracting github.com/sergi/go-diff v1.0.0
go: downloading github.com/hashicorp/go-rootcerts v1.0.0
go: extracting github.com/MakeNowJust/heredoc v0.0.0-20171113091838-e9091a26100e
go: downloading github.com/jmespath/go-jmespath v0.0.0-20180206201540-c2b33e8439af
go: downloading go.uber.org/multierr v1.1.0
go: extracting github.com/hashicorp/go-rootcerts v1.0.0
go: downloading github.com/hashicorp/go-cleanhttp v0.5.1
go: downloading go.uber.org/atomic v1.3.2
go: extracting go.uber.org/multierr v1.1.0
go: downloading github.com/gorilla/mux v1.6.2
go: extracting go.uber.org/atomic v1.3.2
go: extracting github.com/hashicorp/go-cleanhttp v0.5.1
go: downloading github.com/hashicorp/go-multierror v1.0.0
go: downloading github.com/Azure/azure-pipeline-go v0.1.8
go: extracting github.com/jmespath/go-jmespath v0.0.0-20180206201540-c2b33e8439af
go: extracting github.com/gorilla/mux v1.6.2
go: extracting github.com/hashicorp/go-multierror v1.0.0
go: downloading github.com/hashicorp/errwrap v1.0.0
go: downloading github.com/hashicorp/go-sockaddr v1.0.2
go: extracting github.com/Azure/azure-pipeline-go v0.1.8
go: downloading github.com/xeipuuv/gojsonpointer v0.0.0-20180127040702-4e3ac2762d5f
go: extracting github.com/hashicorp/errwrap v1.0.0
go: downloading github.com/Azure/azure-storage-blob-go v0.0.0-20181023070848-cf01652132cc
go: extracting github.com/Azure/azure-storage-blob-go v0.0.0-20181023070848-cf01652132cc
go: downloading github.com/matttproud/golang_protobuf_extensions v1.0.1
go: downloading github.com/rollout/sse v0.0.0-20181105093643-e422b54b3b28
go: downloading github.com/hashicorp/go-version v1.1.0
go: downloading github.com/golang/snappy v0.0.0-20180518054509-2e65f85255db
go: extracting github.com/xeipuuv/gojsonpointer v0.0.0-20180127040702-4e3ac2762d5f
go: downloading github.com/hashicorp/go-retryablehttp v0.5.3
go: extracting github.com/hashicorp/go-sockaddr v1.0.2
go: downloading github.com/jbrukh/bayesian v0.0.0-20161210175230-bf3f261f9a9c
go: extracting github.com/hashicorp/go-version v1.1.0
go: extracting github.com/rollout/sse v0.0.0-20181105093643-e422b54b3b28
go: downloading github.com/dgrijalva/jwt-go v3.2.0+incompatible
go: extracting github.com/matttproud/golang_protobuf_extensions v1.0.1
go: extracting github.com/hashicorp/go-retryablehttp v0.5.3
go: extracting github.com/jbrukh/bayesian v0.0.0-20161210175230-bf3f261f9a9c
go: downloading github.com/gophercloud/gophercloud v0.0.0-20181215224939-bdd8b1ecd793
go: downloading github.com/prometheus/client_model v0.0.0-20180712105110-5c3871d89910
go: downloading github.com/src-d/gcfg v1.3.0
go: extracting github.com/golang/snappy v0.0.0-20180518054509-2e65f85255db
go: extracting github.com/dgrijalva/jwt-go v3.2.0+incompatible
go: downloading github.com/beorn7/perks v0.0.0-20180321164747-3a771d992973
go: extracting github.com/prometheus/client_model v0.0.0-20180712105110-5c3871d89910
go: downloading github.com/ryanuber/go-glob v0.0.0-20170128012129-256dc444b735
go: extracting github.com/src-d/gcfg v1.3.0
go: downloading gopkg.in/fsnotify.v1 v1.4.7
go: extracting github.com/beorn7/perks v0.0.0-20180321164747-3a771d992973
go: extracting github.com/ryanuber/go-glob v0.0.0-20170128012129-256dc444b735
go: downloading github.com/mitchellh/go-homedir v1.1.0
go: downloading gopkg.in/warnings.v0 v0.1.2
go: extracting gopkg.in/fsnotify.v1 v1.4.7
go: extracting github.com/mitchellh/go-homedir v1.1.0
go: extracting gopkg.in/warnings.v0 v0.1.2
go: downloading github.com/kevinburke/ssh_config v0.0.0-20180317175531-9fc7bb800b55
go: downloading gopkg.in/cenkalti/backoff.v1 v1.1.0
go: extracting gopkg.in/cenkalti/backoff.v1 v1.1.0
go: downloading github.com/go-errors/errors v1.0.1
go: extracting github.com/kevinburke/ssh_config v0.0.0-20180317175531-9fc7bb800b55
go: extracting github.com/go-errors/errors v1.0.1
go: downloading github.com/pelletier/go-buffruneio v0.2.0
go: downloading github.com/xanzy/ssh-agent v0.2.0
go: extracting github.com/pelletier/go-buffruneio v0.2.0
go: downloading github.com/pmezard/go-difflib v1.0.0
go: extracting github.com/xanzy/ssh-agent v0.2.0
go: downloading github.com/docker/spdystream v0.0.0-20170912183627-bc6354cbbc29
go: extracting github.com/pmezard/go-difflib v1.0.0
go: extracting github.com/docker/spdystream v0.0.0-20170912183627-bc6354cbbc29
go: extracting github.com/gophercloud/gophercloud v0.0.0-20181215224939-bdd8b1ecd793
go: downloading github.com/Azure/azure-sdk-for-go v21.1.0+incompatible
go: downloading github.com/docker/docker v0.0.0-20171206114025-5e5fadb3c020
go: extracting github.com/docker/docker v0.0.0-20171206114025-5e5fadb3c020
go: downloading github.com/docker/go-connections v0.4.0
go: downloading github.com/docker/go-units v0.3.3
go: downloading github.com/opencontainers/image-spec v1.0.1
go: extracting github.com/docker/go-units v0.3.3
go: extracting github.com/docker/go-connections v0.4.0
go: extracting github.com/opencontainers/image-spec v1.0.1
go: downloading github.com/opencontainers/go-digest v1.0.0-rc1
go: extracting github.com/opencontainers/go-digest v1.0.0-rc1
go: extracting github.com/Azure/azure-sdk-for-go v21.1.0+incompatible
All Go files properly formatted
Generating OpenAPI structs for Kubernetes Clients
./build/codegen --generator-version 36ebc4887cdc openapi --output-package=pkg/client --input-package=github.com/jenkins-x/**/pkg/apis --group-with-version=jenkins.io:v1
time="2019-08-08T17:47:33Z" level=info msg="installing k8s.io/kube-openapi/cmd/openapi-gen with version 36ebc4887cdc via 'go get' to /builder/home/.**/codegen/go" app=codegen
time="2019-08-08T17:48:18Z" level=info msg="generating Go code to /workspace/go/src/github.com/jenkins-x/** in package github.com/jenkins-x/**/pkg/client from package github.com/jenkins-x/**/pkg/apis\n" app=codegen
time="2019-08-08T17:49:02Z" level=info msg="generating openapi structs for [meta:v1] at github.com/jenkins-x/**/pkg/client/openapi/k8s_io_apimachinery_meta_v1\n" app=codegen
time="2019-08-08T17:49:42Z" level=info msg="generating openapi structs for [resource:] at github.com/jenkins-x/**/pkg/client/openapi/k8s_io_apimachinery_resource_unversioned\n" app=codegen
time="2019-08-08T17:50:18Z" level=info msg="generating openapi structs for [intstr:] at github.com/jenkins-x/**/pkg/client/openapi/k8s_io_apimachinery_intstr_unversioned\n" app=codegen
time="2019-08-08T17:50:37Z" level=info msg="generating openapi structs for [batch:v1] at github.com/jenkins-x/**/pkg/client/openapi/k8s_io_api_batch_v1\n" app=codegen
time="2019-08-08T17:50:58Z" level=info msg="generating openapi structs for [core:v1] at github.com/jenkins-x/**/pkg/client/openapi/k8s_io_api_core_v1\n" app=codegen
time="2019-08-08T17:51:24Z" level=info msg="generating openapi structs for [rbac:v1] at github.com/jenkins-x/**/pkg/client/openapi/k8s_io_api_rbac_v1\n" app=codegen
time="2019-08-08T17:51:31Z" level=info msg="generating openapi structs for [jenkins.io:v1] at github.com/jenkins-x/**/pkg/client/openapi/core\n" app=codegen
time="2019-08-08T17:52:19Z" level=info msg="generating OpenAPI spec files to /workspace/go/src/github.com/jenkins-x/**/docs/apidocs from package /workspace/go/src/github.com/jenkins-x/**/github.com/jenkins-x/**/pkg/apis\n" app=codegen
Generating Kubernetes Clients for pkg/apis in pkg/client for jenkins.io:v1
./build/codegen --generator-version kubernetes-1.11.3 clientset --output-package=pkg/client --input-package=pkg/apis --group-with-version=jenkins.io:v1
time="2019-08-08T17:52:32Z" level=info msg="installing k8s.io/code-generator/cmd/client-gen version kubernetes-1.11.3 into /builder/home/.**/codegen/go" app=codegen
time="2019-08-08T17:52:45Z" level=info msg="installing k8s.io/code-generator/cmd/defaulter-gen version kubernetes-1.11.3 into /builder/home/.**/codegen/go" app=codegen
time="2019-08-08T17:52:53Z" level=info msg="installing k8s.io/code-generator/cmd/lister-gen version kubernetes-1.11.3 into /builder/home/.**/codegen/go" app=codegen
time="2019-08-08T17:53:01Z" level=info msg="installing k8s.io/code-generator/cmd/informer-gen version kubernetes-1.11.3 into /builder/home/.**/codegen/go" app=codegen
time="2019-08-08T17:53:10Z" level=info msg="installing k8s.io/code-generator/cmd/deepcopy-gen version kubernetes-1.11.3 into /builder/home/.**/codegen/go" app=codegen
time="2019-08-08T17:53:18Z" level=info msg="generating Go code to /workspace/go/src/github.com/jenkins-x/** in package github.com/jenkins-x/**/pkg/client from package github.com/jenkins-x/**/pkg/apis\n" app=codegen
time="2019-08-08T17:53:18Z" level=info msg="generating deepcopy structs for [jenkins.io:v1] at github.com/jenkins-x/**/pkg/client\n" app=codegen
time="2019-08-08T17:54:02Z" level=info msg="generating clientset structs for [jenkins.io:v1] at github.com/jenkins-x/**/pkg/client\n" app=codegen
time="2019-08-08T17:54:44Z" level=info msg="generating listers structs for [jenkins.io:v1] at github.com/jenkins-x/**/pkg/client\n" app=codegen
time="2019-08-08T17:55:25Z" level=info msg="generating informers structs for [jenkins.io:v1] at github.com/jenkins-x/**/pkg/client\n" app=codegen
./build/codegen --generator-version kubernetes-1.11.3 clientset --generator deepcopy --output-package=pkg --input-package=pkg --group-with-version=config: --group-with-version=jenkinsfile: --group-with-version=tekton:syntax
time="2019-08-08T17:56:07Z" level=info msg="installing k8s.io/code-generator/cmd/client-gen version kubernetes-1.11.3 into /builder/home/.**/codegen/go" app=codegen
time="2019-08-08T17:56:14Z" level=info msg="installing k8s.io/code-generator/cmd/defaulter-gen version kubernetes-1.11.3 into /builder/home/.**/codegen/go" app=codegen
time="2019-08-08T17:56:20Z" level=info msg="installing k8s.io/code-generator/cmd/lister-gen version kubernetes-1.11.3 into /builder/home/.**/codegen/go" app=codegen
time="2019-08-08T17:56:27Z" level=info msg="installing k8s.io/code-generator/cmd/informer-gen version kubernetes-1.11.3 into /builder/home/.**/codegen/go" app=codegen
time="2019-08-08T17:56:34Z" level=info msg="installing k8s.io/code-generator/cmd/deepcopy-gen version kubernetes-1.11.3 into /builder/home/.**/codegen/go" app=codegen
time="2019-08-08T17:56:40Z" level=info msg="generating Go code to /workspace/go/src/github.com/jenkins-x/** in package github.com/jenkins-x/**/pkg from package github.com/jenkins-x/**/pkg\n" app=codegen
time="2019-08-08T17:56:40Z" level=info msg="generating deepcopy structs for [config: jenkinsfile: tekton:syntax] at github.com/jenkins-x/**/pkg\n" app=codegen
make[1]: Entering directory '/workspace/go/src/github.com/jenkins-x/**'
Fixed formatting for: pkg/client/openapi/all/openapi_generated.go
make[1]: Leaving directory '/workspace/go/src/github.com/jenkins-x/**'
Generation complete
All generated files up to date
[0;32mPASSED[0m make verify-generation-complete
RUN make generate-docs
Generating HTML docs for Kubernetes Clients
./build/codegen --generator-version 9642bd3f4de5 docs
time="2019-08-08T17:58:03Z" level=info msg="generating docs to /workspace/go/src/github.com/jenkins-x/**/docs/apidocs\n" app=codegen
time="2019-08-08T17:58:03Z" level=info msg="installing github.com/kubernetes-incubator/reference-docs/gen-apidocs in version 9642bd3f4de5 via 'go get'" app=codegen
time="2019-08-08T17:58:21Z" level=info msg="copying static files from /builder/home/.**/codegen/go/pkg/mod/github.com/kubernetes-incubator/reference-docs@v0.0.0-20190410022412-9642bd3f4de5/gen-apidocs/generators/static to /workspace/go/src/github.com/jenkins-x/**/docs/apidocs/static\n" app=codegen
[0;32mPASSED[0m make generate-docs
